{"C:\\Project\\YouApp\\youapp_backend\\src\\app.controller.ts": {"path":"C:\\Project\\YouApp\\youapp_backend\\src\\app.controller.ts","statementMap":{"0":{"start":{"line":1,"column":0},"end":{"line":1,"column":49}},"1":{"start":{"line":2,"column":0},"end":{"line":2,"column":43}},"2":{"start":{"line":5,"column":7},"end":{"line":12,"column":null}},"3":{"start":{"line":6,"column":31},"end":{"line":6,"column":43}},"4":{"start":{"line":10,"column":4},"end":{"line":10,"column":38}},"5":{"start":{"line":5,"column":13},"end":{"line":5,"column":26}},"6":{"start":{"line":9,"column":2},"end":{"line":11,"column":null}},"7":{"start":{"line":5,"column":13},"end":{"line":12,"column":null}}},"fnMap":{"0":{"name":"(anonymous_2)","decl":{"start":{"line":6,"column":2},"end":{"line":6,"column":31}},"loc":{"start":{"line":6,"column":53},"end":{"line":6,"column":57}}},"1":{"name":"(anonymous_3)","decl":{"start":{"line":9,"column":2},"end":{"line":9,"column":10}},"loc":{"start":{"line":9,"column":10},"end":{"line":11,"column":3}}}},"branchMap":{"0":{"loc":{"start":{"line":6,"column":43},"end":{"line":6,"column":56}},"type":"cond-expr","locations":[{"start":{"line":6,"column":53},"end":{"line":6,"column":56}},{"start":{"line":6,"column":53},"end":{"line":6,"column":56}}]},"1":{"loc":{"start":{"line":6,"column":43},"end":{"line":6,"column":53}},"type":"binary-expr","locations":[{"start":{"line":6,"column":43},"end":{"line":6,"column":56}},{"start":{"line":6,"column":43},"end":{"line":6,"column":53}}]}},"s":{"0":1,"1":1,"2":1,"3":1,"4":1,"5":1,"6":1,"7":1},"f":{"0":1,"1":1},"b":{"0":[1,0],"1":[1,1]}}
,"C:\\Project\\YouApp\\youapp_backend\\src\\app.module.ts": {"path":"C:\\Project\\YouApp\\youapp_backend\\src\\app.module.ts","statementMap":{"0":{"start":{"line":1,"column":0},"end":{"line":1,"column":40}},"1":{"start":{"line":2,"column":0},"end":{"line":2,"column":50}},"2":{"start":{"line":3,"column":0},"end":{"line":3,"column":46}},"3":{"start":{"line":4,"column":0},"end":{"line":4,"column":48}},"4":{"start":{"line":5,"column":0},"end":{"line":5,"column":48}},"5":{"start":{"line":6,"column":0},"end":{"line":6,"column":54}},"6":{"start":{"line":7,"column":0},"end":{"line":7,"column":48}},"7":{"start":{"line":21,"column":7},"end":{"line":21,"column":null}},"8":{"start":{"line":21,"column":13},"end":{"line":21,"column":22}},"9":{"start":{"line":21,"column":13},"end":{"line":21,"column":null}}},"fnMap":{},"branchMap":{"0":{"loc":{"start":{"line":13,"column":6},"end":{"line":13,"column":65}},"type":"binary-expr","locations":[{"start":{"line":13,"column":6},"end":{"line":13,"column":27}},{"start":{"line":13,"column":31},"end":{"line":13,"column":65}}]}},"s":{"0":0,"1":0,"2":0,"3":0,"4":0,"5":0,"6":0,"7":0,"8":0,"9":0},"f":{},"b":{"0":[0,0]}}
,"C:\\Project\\YouApp\\youapp_backend\\src\\app.service.ts": {"path":"C:\\Project\\YouApp\\youapp_backend\\src\\app.service.ts","statementMap":{"0":{"start":{"line":1,"column":0},"end":{"line":1,"column":44}},"1":{"start":{"line":4,"column":7},"end":{"line":8,"column":null}},"2":{"start":{"line":6,"column":4},"end":{"line":6,"column":26}},"3":{"start":{"line":4,"column":13},"end":{"line":4,"column":23}},"4":{"start":{"line":4,"column":13},"end":{"line":8,"column":null}}},"fnMap":{"0":{"name":"(anonymous_1)","decl":{"start":{"line":5,"column":2},"end":{"line":5,"column":10}},"loc":{"start":{"line":5,"column":10},"end":{"line":7,"column":3}}}},"branchMap":{},"s":{"0":1,"1":1,"2":1,"3":1,"4":1},"f":{"0":1},"b":{}}
,"C:\\Project\\YouApp\\youapp_backend\\src\\main.ts": {"path":"C:\\Project\\YouApp\\youapp_backend\\src\\main.ts","statementMap":{"0":{"start":{"line":1,"column":0},"end":{"line":1,"column":33}},"1":{"start":{"line":2,"column":0},"end":{"line":2,"column":16}},"2":{"start":{"line":3,"column":0},"end":{"line":3,"column":43}},"3":{"start":{"line":4,"column":0},"end":{"line":4,"column":41}},"4":{"start":{"line":7,"column":14},"end":{"line":7,"column":49}},"5":{"start":{"line":8,"column":2},"end":{"line":8,"column":45}},"6":{"start":{"line":10,"column":0},"end":{"line":10,"column":17}}},"fnMap":{"0":{"name":"bootstrap","decl":{"start":{"line":6,"column":15},"end":{"line":6,"column":24}},"loc":{"start":{"line":6,"column":24},"end":{"line":9,"column":1}}}},"branchMap":{"0":{"loc":{"start":{"line":8,"column":19},"end":{"line":8,"column":43}},"type":"binary-expr","locations":[{"start":{"line":8,"column":19},"end":{"line":8,"column":35}},{"start":{"line":8,"column":39},"end":{"line":8,"column":43}}]}},"s":{"0":0,"1":0,"2":0,"3":0,"4":0,"5":0,"6":0},"f":{"0":0},"b":{"0":[0,0]}}
,"C:\\Project\\YouApp\\youapp_backend\\src\\api\\api.controller.ts": {"path":"C:\\Project\\YouApp\\youapp_backend\\src\\api\\api.controller.ts","statementMap":{"0":{"start":{"line":1,"column":0},"end":{"line":1,"column":null}},"1":{"start":{"line":11,"column":0},"end":{"line":11,"column":51}},"2":{"start":{"line":12,"column":0},"end":{"line":12,"column":51}},"3":{"start":{"line":13,"column":0},"end":{"line":13,"column":63}},"4":{"start":{"line":14,"column":0},"end":{"line":14,"column":66}},"5":{"start":{"line":16,"column":0},"end":{"line":16,"column":60}},"6":{"start":{"line":17,"column":0},"end":{"line":17,"column":41}},"7":{"start":{"line":18,"column":0},"end":{"line":18,"column":60}},"8":{"start":{"line":21,"column":7},"end":{"line":111,"column":null}},"9":{"start":{"line":23,"column":21},"end":{"line":23,"column":34}},"10":{"start":{"line":24,"column":21},"end":{"line":24,"column":34}},"11":{"start":{"line":25,"column":21},"end":{"line":25,"column":33}},"12":{"start":{"line":33,"column":24},"end":{"line":38,"column":6}},"13":{"start":{"line":39,"column":4},"end":{"line":39,"column":49}},"14":{"start":{"line":40,"column":4},"end":{"line":43,"column":6}},"15":{"start":{"line":51,"column":42},"end":{"line":51,"column":46}},"16":{"start":{"line":52,"column":15},"end":{"line":52,"column":78}},"17":{"start":{"line":53,"column":4},"end":{"line":59,"column":5}},"18":{"start":{"line":54,"column":6},"end":{"line":58,"column":15}},"19":{"start":{"line":60,"column":4},"end":{"line":66,"column":5}},"20":{"start":{"line":61,"column":6},"end":{"line":65,"column":15}},"21":{"start":{"line":67,"column":4},"end":{"line":69,"column":5}},"22":{"start":{"line":68,"column":6},"end":{"line":68,"column":63}},"23":{"start":{"line":70,"column":18},"end":{"line":70,"column":64}},"24":{"start":{"line":71,"column":4},"end":{"line":73,"column":5}},"25":{"start":{"line":72,"column":6},"end":{"line":72,"column":63}},"26":{"start":{"line":74,"column":18},"end":{"line":74,"column":76}},"27":{"start":{"line":75,"column":4},"end":{"line":79,"column":6}},"28":{"start":{"line":85,"column":4},"end":{"line":85,"column":50}},"29":{"start":{"line":86,"column":4},"end":{"line":89,"column":6}},"30":{"start":{"line":95,"column":4},"end":{"line":95,"column":50}},"31":{"start":{"line":96,"column":4},"end":{"line":99,"column":6}},"32":{"start":{"line":105,"column":20},"end":{"line":105,"column":61}},"33":{"start":{"line":106,"column":4},"end":{"line":109,"column":6}},"34":{"start":{"line":21,"column":13},"end":{"line":21,"column":26}},"35":{"start":{"line":29,"column":8},"end":{"line":44,"column":null}},"36":{"start":{"line":48,"column":8},"end":{"line":80,"column":null}},"37":{"start":{"line":84,"column":8},"end":{"line":90,"column":null}},"38":{"start":{"line":94,"column":8},"end":{"line":100,"column":null}},"39":{"start":{"line":104,"column":8},"end":{"line":110,"column":null}},"40":{"start":{"line":21,"column":13},"end":{"line":111,"column":null}}},"fnMap":{"0":{"name":"(anonymous_4)","decl":{"start":{"line":22,"column":2},"end":{"line":22,"column":null}},"loc":{"start":{"line":25,"column":43},"end":{"line":26,"column":6}}},"1":{"name":"(anonymous_5)","decl":{"start":{"line":29,"column":8},"end":{"line":29,"column":16}},"loc":{"start":{"line":30,"column":71},"end":{"line":44,"column":3}}},"2":{"name":"(anonymous_6)","decl":{"start":{"line":48,"column":8},"end":{"line":48,"column":13}},"loc":{"start":{"line":49,"column":73},"end":{"line":80,"column":3}}},"3":{"name":"(anonymous_7)","decl":{"start":{"line":84,"column":8},"end":{"line":84,"column":21}},"loc":{"start":{"line":84,"column":75},"end":{"line":90,"column":3}}},"4":{"name":"(anonymous_8)","decl":{"start":{"line":94,"column":8},"end":{"line":94,"column":21}},"loc":{"start":{"line":94,"column":75},"end":{"line":100,"column":3}}},"5":{"name":"(anonymous_9)","decl":{"start":{"line":104,"column":8},"end":{"line":104,"column":18}},"loc":{"start":{"line":104,"column":43},"end":{"line":110,"column":3}}}},"branchMap":{"0":{"loc":{"start":{"line":53,"column":4},"end":{"line":59,"column":5}},"type":"if","locations":[{"start":{"line":53,"column":4},"end":{"line":59,"column":5}},{"start":{},"end":{}}]},"1":{"loc":{"start":{"line":60,"column":4},"end":{"line":66,"column":5}},"type":"if","locations":[{"start":{"line":60,"column":4},"end":{"line":66,"column":5}},{"start":{},"end":{}}]},"2":{"loc":{"start":{"line":60,"column":8},"end":{"line":60,"column":25}},"type":"binary-expr","locations":[{"start":{"line":60,"column":8},"end":{"line":60,"column":13}},{"start":{"line":60,"column":17},"end":{"line":60,"column":25}}]},"3":{"loc":{"start":{"line":67,"column":4},"end":{"line":69,"column":5}},"type":"if","locations":[{"start":{"line":67,"column":4},"end":{"line":69,"column":5}},{"start":{},"end":{}}]},"4":{"loc":{"start":{"line":71,"column":4},"end":{"line":73,"column":5}},"type":"if","locations":[{"start":{"line":71,"column":4},"end":{"line":73,"column":5}},{"start":{},"end":{}}]},"5":{"loc":{"start":{"line":84,"column":62},"end":{"line":84,"column":null}},"type":"cond-expr","locations":[{"start":{"line":84,"column":75},"end":{"line":84,"column":null}},{"start":{"line":84,"column":75},"end":{"line":84,"column":null}}]},"6":{"loc":{"start":{"line":84,"column":62},"end":{"line":84,"column":75}},"type":"binary-expr","locations":[{"start":{"line":84,"column":62},"end":{"line":84,"column":null}},{"start":{"line":84,"column":62},"end":{"line":84,"column":75}}]},"7":{"loc":{"start":{"line":94,"column":62},"end":{"line":94,"column":null}},"type":"cond-expr","locations":[{"start":{"line":94,"column":75},"end":{"line":94,"column":null}},{"start":{"line":94,"column":75},"end":{"line":94,"column":null}}]},"8":{"loc":{"start":{"line":94,"column":62},"end":{"line":94,"column":75}},"type":"binary-expr","locations":[{"start":{"line":94,"column":62},"end":{"line":94,"column":null}},{"start":{"line":94,"column":62},"end":{"line":94,"column":75}}]},"9":{"loc":{"start":{"line":23,"column":34},"end":{"line":23,"column":null}},"type":"cond-expr","locations":[{"start":{"line":23,"column":45},"end":{"line":23,"column":null}},{"start":{"line":23,"column":45},"end":{"line":23,"column":null}}]},"10":{"loc":{"start":{"line":23,"column":34},"end":{"line":23,"column":45}},"type":"binary-expr","locations":[{"start":{"line":23,"column":34},"end":{"line":23,"column":null}},{"start":{"line":23,"column":34},"end":{"line":23,"column":45}}]},"11":{"loc":{"start":{"line":23,"column":45},"end":{"line":24,"column":null}},"type":"cond-expr","locations":[{"start":{"line":24,"column":45},"end":{"line":24,"column":null}},{"start":{"line":24,"column":45},"end":{"line":24,"column":null}}]},"12":{"loc":{"start":{"line":23,"column":45},"end":{"line":24,"column":45}},"type":"binary-expr","locations":[{"start":{"line":23,"column":45},"end":{"line":24,"column":null}},{"start":{"line":24,"column":34},"end":{"line":24,"column":45}}]},"13":{"loc":{"start":{"line":24,"column":45},"end":{"line":25,"column":null}},"type":"cond-expr","locations":[{"start":{"line":25,"column":43},"end":{"line":25,"column":null}},{"start":{"line":25,"column":43},"end":{"line":25,"column":null}}]},"14":{"loc":{"start":{"line":24,"column":45},"end":{"line":25,"column":43}},"type":"binary-expr","locations":[{"start":{"line":24,"column":45},"end":{"line":25,"column":null}},{"start":{"line":25,"column":33},"end":{"line":25,"column":43}}]}},"s":{"0":0,"1":0,"2":0,"3":0,"4":0,"5":0,"6":0,"7":0,"8":0,"9":0,"10":0,"11":0,"12":0,"13":0,"14":0,"15":0,"16":0,"17":0,"18":0,"19":0,"20":0,"21":0,"22":0,"23":0,"24":0,"25":0,"26":0,"27":0,"28":0,"29":0,"30":0,"31":0,"32":0,"33":0,"34":0,"35":0,"36":0,"37":0,"38":0,"39":0,"40":0},"f":{"0":0,"1":0,"2":0,"3":0,"4":0,"5":0},"b":{"0":[0,0],"1":[0,0],"2":[0,0],"3":[0,0],"4":[0,0],"5":[0,0],"6":[0,0],"7":[0,0],"8":[0,0],"9":[0,0],"10":[0,0],"11":[0,0],"12":[0,0],"13":[0,0],"14":[0,0]}}
,"C:\\Project\\YouApp\\youapp_backend\\src\\auth\\auth.controller.ts": {"path":"C:\\Project\\YouApp\\youapp_backend\\src\\auth\\auth.controller.ts","statementMap":{"0":{"start":{"line":1,"column":0},"end":{"line":1,"column":56}},"1":{"start":{"line":2,"column":0},"end":{"line":2,"column":45}},"2":{"start":{"line":3,"column":0},"end":{"line":3,"column":49}},"3":{"start":{"line":4,"column":0},"end":{"line":4,"column":43}},"4":{"start":{"line":7,"column":7},"end":{"line":19,"column":null}},"5":{"start":{"line":8,"column":31},"end":{"line":8,"column":44}},"6":{"start":{"line":12,"column":4},"end":{"line":12,"column":50}},"7":{"start":{"line":17,"column":4},"end":{"line":17,"column":44}},"8":{"start":{"line":7,"column":13},"end":{"line":7,"column":27}},"9":{"start":{"line":11,"column":8},"end":{"line":13,"column":null}},"10":{"start":{"line":16,"column":8},"end":{"line":18,"column":null}},"11":{"start":{"line":7,"column":13},"end":{"line":19,"column":null}}},"fnMap":{"0":{"name":"(anonymous_4)","decl":{"start":{"line":8,"column":2},"end":{"line":8,"column":31}},"loc":{"start":{"line":8,"column":55},"end":{"line":8,"column":59}}},"1":{"name":"(anonymous_5)","decl":{"start":{"line":11,"column":8},"end":{"line":11,"column":16}},"loc":{"start":{"line":11,"column":49},"end":{"line":13,"column":3}}},"2":{"name":"(anonymous_6)","decl":{"start":{"line":16,"column":8},"end":{"line":16,"column":13}},"loc":{"start":{"line":16,"column":40},"end":{"line":18,"column":3}}}},"branchMap":{"0":{"loc":{"start":{"line":11,"column":38},"end":{"line":11,"column":null}},"type":"cond-expr","locations":[{"start":{"line":11,"column":49},"end":{"line":11,"column":null}},{"start":{"line":11,"column":49},"end":{"line":11,"column":null}}]},"1":{"loc":{"start":{"line":11,"column":38},"end":{"line":11,"column":49}},"type":"binary-expr","locations":[{"start":{"line":11,"column":38},"end":{"line":11,"column":null}},{"start":{"line":11,"column":38},"end":{"line":11,"column":49}}]},"2":{"loc":{"start":{"line":16,"column":32},"end":{"line":16,"column":null}},"type":"cond-expr","locations":[{"start":{"line":16,"column":40},"end":{"line":16,"column":null}},{"start":{"line":16,"column":40},"end":{"line":16,"column":null}}]},"3":{"loc":{"start":{"line":16,"column":32},"end":{"line":16,"column":40}},"type":"binary-expr","locations":[{"start":{"line":16,"column":32},"end":{"line":16,"column":null}},{"start":{"line":16,"column":32},"end":{"line":16,"column":40}}]},"4":{"loc":{"start":{"line":8,"column":44},"end":{"line":8,"column":58}},"type":"cond-expr","locations":[{"start":{"line":8,"column":55},"end":{"line":8,"column":58}},{"start":{"line":8,"column":55},"end":{"line":8,"column":58}}]},"5":{"loc":{"start":{"line":8,"column":44},"end":{"line":8,"column":55}},"type":"binary-expr","locations":[{"start":{"line":8,"column":44},"end":{"line":8,"column":58}},{"start":{"line":8,"column":44},"end":{"line":8,"column":55}}]}},"s":{"0":0,"1":0,"2":0,"3":0,"4":0,"5":0,"6":0,"7":0,"8":0,"9":0,"10":0,"11":0},"f":{"0":0,"1":0,"2":0},"b":{"0":[0,0],"1":[0,0],"2":[0,0],"3":[0,0],"4":[0,0],"5":[0,0]}}
,"C:\\Project\\YouApp\\youapp_backend\\src\\auth\\auth.module.ts": {"path":"C:\\Project\\YouApp\\youapp_backend\\src\\auth\\auth.module.ts","statementMap":{"0":{"start":{"line":1,"column":0},"end":{"line":1,"column":40}},"1":{"start":{"line":2,"column":0},"end":{"line":2,"column":45}},"2":{"start":{"line":3,"column":0},"end":{"line":3,"column":51}},"3":{"start":{"line":4,"column":0},"end":{"line":4,"column":40}},"4":{"start":{"line":5,"column":0},"end":{"line":5,"column":50}},"5":{"start":{"line":6,"column":0},"end":{"line":6,"column":64}},"6":{"start":{"line":7,"column":0},"end":{"line":7,"column":44}},"7":{"start":{"line":8,"column":0},"end":{"line":8,"column":49}},"8":{"start":{"line":9,"column":0},"end":{"line":9,"column":50}},"9":{"start":{"line":10,"column":0},"end":{"line":10,"column":56}},"10":{"start":{"line":11,"column":0},"end":{"line":11,"column":56}},"11":{"start":{"line":29,"column":7},"end":{"line":29,"column":null}},"12":{"start":{"line":29,"column":13},"end":{"line":29,"column":23}},"13":{"start":{"line":29,"column":13},"end":{"line":29,"column":null}},"14":{"start":{"line":15,"column":21},"end":{"line":15,"column":31}}},"fnMap":{"0":{"name":"(anonymous_1)","decl":{"start":{"line":15,"column":15},"end":{"line":15,"column":18}},"loc":{"start":{"line":15,"column":21},"end":{"line":15,"column":31}}}},"branchMap":{},"s":{"0":0,"1":0,"2":0,"3":0,"4":0,"5":0,"6":0,"7":0,"8":0,"9":0,"10":0,"11":0,"12":0,"13":0,"14":0},"f":{"0":0},"b":{}}
,"C:\\Project\\YouApp\\youapp_backend\\src\\auth\\auth.service.ts": {"path":"C:\\Project\\YouApp\\youapp_backend\\src\\auth\\auth.service.ts","statementMap":{"0":{"start":{"line":1,"column":0},"end":{"line":1,"column":null}},"1":{"start":{"line":6,"column":0},"end":{"line":6,"column":47}},"2":{"start":{"line":7,"column":0},"end":{"line":7,"column":33}},"3":{"start":{"line":8,"column":0},"end":{"line":8,"column":41}},"4":{"start":{"line":9,"column":0},"end":{"line":9,"column":52}},"5":{"start":{"line":12,"column":0},"end":{"line":12,"column":74}},"6":{"start":{"line":15,"column":7},"end":{"line":48,"column":null}},"7":{"start":{"line":17,"column":36},"end":{"line":17,"column":47}},"8":{"start":{"line":18,"column":12},"end":{"line":18,"column":24}},"9":{"start":{"line":22,"column":48},"end":{"line":22,"column":59}},"10":{"start":{"line":23,"column":25},"end":{"line":23,"column":64}},"11":{"start":{"line":24,"column":4},"end":{"line":26,"column":5}},"12":{"start":{"line":25,"column":6},"end":{"line":25,"column":60}},"13":{"start":{"line":27,"column":27},"end":{"line":27,"column":55}},"14":{"start":{"line":28,"column":17},"end":{"line":33,"column":6}},"15":{"start":{"line":34,"column":4},"end":{"line":34,"column":22}},"16":{"start":{"line":35,"column":18},"end":{"line":35,"column":72}},"17":{"start":{"line":36,"column":4},"end":{"line":36,"column":21}},"18":{"start":{"line":40,"column":32},"end":{"line":40,"column":40}},"19":{"start":{"line":41,"column":17},"end":{"line":41,"column":56}},"20":{"start":{"line":42,"column":4},"end":{"line":44,"column":5}},"21":{"start":{"line":43,"column":6},"end":{"line":43,"column":61}},"22":{"start":{"line":45,"column":18},"end":{"line":45,"column":72}},"23":{"start":{"line":46,"column":4},"end":{"line":46,"column":21}},"24":{"start":{"line":15,"column":13},"end":{"line":15,"column":24}},"25":{"start":{"line":15,"column":13},"end":{"line":48,"column":null}}},"fnMap":{"0":{"name":"(anonymous_4)","decl":{"start":{"line":16,"column":2},"end":{"line":16,"column":null}},"loc":{"start":{"line":18,"column":34},"end":{"line":19,"column":6}}},"1":{"name":"(anonymous_5)","decl":{"start":{"line":21,"column":2},"end":{"line":21,"column":7}},"loc":{"start":{"line":21,"column":41},"end":{"line":37,"column":3}}},"2":{"name":"(anonymous_6)","decl":{"start":{"line":39,"column":2},"end":{"line":39,"column":7}},"loc":{"start":{"line":39,"column":32},"end":{"line":47,"column":3}}}},"branchMap":{"0":{"loc":{"start":{"line":24,"column":4},"end":{"line":26,"column":5}},"type":"if","locations":[{"start":{"line":24,"column":4},"end":{"line":26,"column":5}},{"start":{},"end":{}}]},"1":{"loc":{"start":{"line":42,"column":4},"end":{"line":44,"column":5}},"type":"if","locations":[{"start":{"line":42,"column":4},"end":{"line":44,"column":5}},{"start":{},"end":{}}]},"2":{"loc":{"start":{"line":42,"column":8},"end":{"line":42,"column":66}},"type":"binary-expr","locations":[{"start":{"line":42,"column":8},"end":{"line":42,"column":13}},{"start":{"line":42,"column":17},"end":{"line":42,"column":66}}]},"3":{"loc":{"start":{"line":17,"column":47},"end":{"line":17,"column":58}},"type":"cond-expr","locations":[{"start":{"line":17,"column":52},"end":{"line":17,"column":58}},{"start":{"line":17,"column":52},"end":{"line":17,"column":58}}]},"4":{"loc":{"start":{"line":17,"column":47},"end":{"line":17,"column":52}},"type":"binary-expr","locations":[{"start":{"line":17,"column":47},"end":{"line":17,"column":58}},{"start":{"line":17,"column":47},"end":{"line":17,"column":52}}]},"5":{"loc":{"start":{"line":17,"column":52},"end":{"line":18,"column":null}},"type":"cond-expr","locations":[{"start":{"line":18,"column":34},"end":{"line":18,"column":null}},{"start":{"line":18,"column":34},"end":{"line":18,"column":null}}]},"6":{"loc":{"start":{"line":17,"column":52},"end":{"line":18,"column":34}},"type":"binary-expr","locations":[{"start":{"line":17,"column":52},"end":{"line":18,"column":null}},{"start":{"line":18,"column":24},"end":{"line":18,"column":34}}]}},"s":{"0":1,"1":1,"2":1,"3":1,"4":1,"5":1,"6":1,"7":2,"8":2,"9":0,"10":0,"11":0,"12":0,"13":0,"14":0,"15":0,"16":0,"17":0,"18":1,"19":1,"20":1,"21":1,"22":0,"23":0,"24":1,"25":1},"f":{"0":2,"1":0,"2":1},"b":{"0":[0,0],"1":[1,0],"2":[1,0],"3":[1,0],"4":[1,1],"5":[1,0],"6":[1,1]}}
,"C:\\Project\\YouApp\\youapp_backend\\src\\auth\\jwt-expiration.util.ts": {"path":"C:\\Project\\YouApp\\youapp_backend\\src\\auth\\jwt-expiration.util.ts","statementMap":{"0":{"start":{"line":4,"column":0},"end":{"line":4,"column":16}},"1":{"start":{"line":5,"column":14},"end":{"line":5,"column":40}},"2":{"start":{"line":6,"column":2},"end":{"line":6,"column":29}},"3":{"start":{"line":6,"column":12},"end":{"line":6,"column":29}},"4":{"start":{"line":7,"column":14},"end":{"line":7,"column":25}},"5":{"start":{"line":8,"column":2},"end":{"line":8,"column":30}},"6":{"start":{"line":8,"column":19},"end":{"line":8,"column":30}},"7":{"start":{"line":10,"column":2},"end":{"line":10,"column":28}}},"fnMap":{"0":{"name":"getJwtExpiresIn","decl":{"start":{"line":4,"column":16},"end":{"line":4,"column":31}},"loc":{"start":{"line":4,"column":31},"end":{"line":11,"column":1}}}},"branchMap":{"0":{"loc":{"start":{"line":6,"column":2},"end":{"line":6,"column":29}},"type":"if","locations":[{"start":{"line":6,"column":2},"end":{"line":6,"column":29}},{"start":{},"end":{}}]},"1":{"loc":{"start":{"line":8,"column":2},"end":{"line":8,"column":30}},"type":"if","locations":[{"start":{"line":8,"column":2},"end":{"line":8,"column":30}},{"start":{},"end":{}}]}},"s":{"0":0,"1":0,"2":0,"3":0,"4":0,"5":0,"6":0,"7":0},"f":{"0":0},"b":{"0":[0,0],"1":[0,0]}}
,"C:\\Project\\YouApp\\youapp_backend\\src\\auth\\dto\\login.dto.ts": {"path":"C:\\Project\\YouApp\\youapp_backend\\src\\auth\\dto\\login.dto.ts","statementMap":{"0":{"start":{"line":1,"column":0},"end":{"line":1,"column":63}},"1":{"start":{"line":3,"column":0},"end":{"line":3,"column":13}},"2":{"start":{"line":5,"column":2},"end":{"line":5,"column":null}},"3":{"start":{"line":9,"column":2},"end":{"line":9,"column":null}}},"fnMap":{},"branchMap":{},"s":{"0":0,"1":0,"2":0,"3":0},"f":{},"b":{}}
,"C:\\Project\\YouApp\\youapp_backend\\src\\auth\\dto\\register.dto.ts": {"path":"C:\\Project\\YouApp\\youapp_backend\\src\\auth\\dto\\register.dto.ts","statementMap":{"0":{"start":{"line":1,"column":0},"end":{"line":1,"column":63}},"1":{"start":{"line":3,"column":0},"end":{"line":3,"column":13}},"2":{"start":{"line":5,"column":2},"end":{"line":5,"column":null}},"3":{"start":{"line":9,"column":2},"end":{"line":9,"column":null}},"4":{"start":{"line":12,"column":2},"end":{"line":12,"column":null}},"5":{"start":{"line":15,"column":2},"end":{"line":15,"column":null}}},"fnMap":{},"branchMap":{},"s":{"0":0,"1":0,"2":0,"3":0,"4":0,"5":0},"f":{},"b":{}}
,"C:\\Project\\YouApp\\youapp_backend\\src\\auth\\strategies\\jwt.strategy.ts": {"path":"C:\\Project\\YouApp\\youapp_backend\\src\\auth\\strategies\\jwt.strategy.ts","statementMap":{"0":{"start":{"line":1,"column":0},"end":{"line":1,"column":44}},"1":{"start":{"line":2,"column":0},"end":{"line":2,"column":52}},"2":{"start":{"line":3,"column":0},"end":{"line":3,"column":52}},"3":{"start":{"line":4,"column":0},"end":{"line":4,"column":47}},"4":{"start":{"line":5,"column":0},"end":{"line":5,"column":33}},"5":{"start":{"line":6,"column":0},"end":{"line":6,"column":55}},"6":{"start":{"line":13,"column":7},"end":{"line":32,"column":null}},"7":{"start":{"line":16,"column":4},"end":{"line":24,"column":7}},"8":{"start":{"line":14,"column":46},"end":{"line":14,"column":57}},"9":{"start":{"line":28,"column":17},"end":{"line":28,"column":59}},"10":{"start":{"line":29,"column":4},"end":{"line":29,"column":27}},"11":{"start":{"line":29,"column":15},"end":{"line":29,"column":27}},"12":{"start":{"line":30,"column":4},"end":{"line":30,"column":63}},"13":{"start":{"line":13,"column":13},"end":{"line":13,"column":24}},"14":{"start":{"line":13,"column":13},"end":{"line":32,"column":null}}},"fnMap":{"0":{"name":"(anonymous_4)","decl":{"start":{"line":14,"column":2},"end":{"line":14,"column":15}},"loc":{"start":{"line":14,"column":68},"end":{"line":25,"column":3}}},"1":{"name":"(anonymous_5)","decl":{"start":{"line":27,"column":2},"end":{"line":27,"column":7}},"loc":{"start":{"line":27,"column":36},"end":{"line":31,"column":3}}}},"branchMap":{"0":{"loc":{"start":{"line":29,"column":4},"end":{"line":29,"column":27}},"type":"if","locations":[{"start":{"line":29,"column":4},"end":{"line":29,"column":27}},{"start":{},"end":{}}]},"1":{"loc":{"start":{"line":14,"column":57},"end":{"line":14,"column":68}},"type":"cond-expr","locations":[{"start":{"line":14,"column":62},"end":{"line":14,"column":68}},{"start":{"line":14,"column":62},"end":{"line":14,"column":68}}]},"2":{"loc":{"start":{"line":14,"column":57},"end":{"line":14,"column":62}},"type":"binary-expr","locations":[{"start":{"line":14,"column":57},"end":{"line":14,"column":68}},{"start":{"line":14,"column":57},"end":{"line":14,"column":62}}]}},"s":{"0":0,"1":0,"2":0,"3":0,"4":0,"5":0,"6":0,"7":0,"8":0,"9":0,"10":0,"11":0,"12":0,"13":0,"14":0},"f":{"0":0,"1":0},"b":{"0":[0,0],"1":[0,0],"2":[0,0]}}
,"C:\\Project\\YouApp\\youapp_backend\\src\\chat\\chat.controller.ts": {"path":"C:\\Project\\YouApp\\youapp_backend\\src\\chat\\chat.controller.ts","statementMap":{"0":{"start":{"line":1,"column":0},"end":{"line":1,"column":null}},"1":{"start":{"line":10,"column":0},"end":{"line":10,"column":63}},"2":{"start":{"line":11,"column":0},"end":{"line":11,"column":45}},"3":{"start":{"line":12,"column":0},"end":{"line":12,"column":69}},"4":{"start":{"line":13,"column":0},"end":{"line":13,"column":56}},"5":{"start":{"line":14,"column":0},"end":{"line":14,"column":66}},"6":{"start":{"line":18,"column":7},"end":{"line":60,"column":null}},"7":{"start":{"line":19,"column":31},"end":{"line":19,"column":44}},"8":{"start":{"line":26,"column":19},"end":{"line":26,"column":27}},"9":{"start":{"line":27,"column":4},"end":{"line":27,"column":71}},"10":{"start":{"line":35,"column":21},"end":{"line":35,"column":29}},"11":{"start":{"line":36,"column":4},"end":{"line":36,"column":55}},"12":{"start":{"line":47,"column":26},"end":{"line":47,"column":34}},"13":{"start":{"line":48,"column":4},"end":{"line":52,"column":7}},"14":{"start":{"line":57,"column":19},"end":{"line":57,"column":27}},"15":{"start":{"line":58,"column":4},"end":{"line":58,"column":55}},"16":{"start":{"line":18,"column":13},"end":{"line":18,"column":27}},"17":{"start":{"line":22,"column":8},"end":{"line":28,"column":null}},"18":{"start":{"line":31,"column":8},"end":{"line":37,"column":null}},"19":{"start":{"line":40,"column":8},"end":{"line":53,"column":null}},"20":{"start":{"line":56,"column":8},"end":{"line":59,"column":null}},"21":{"start":{"line":18,"column":13},"end":{"line":60,"column":null}}},"fnMap":{"0":{"name":"(anonymous_4)","decl":{"start":{"line":19,"column":2},"end":{"line":19,"column":31}},"loc":{"start":{"line":19,"column":55},"end":{"line":19,"column":59}}},"1":{"name":"(anonymous_5)","decl":{"start":{"line":22,"column":8},"end":{"line":22,"column":30}},"loc":{"start":{"line":24,"column":51},"end":{"line":28,"column":3}}},"2":{"name":"(anonymous_6)","decl":{"start":{"line":31,"column":8},"end":{"line":31,"column":19}},"loc":{"start":{"line":33,"column":51},"end":{"line":37,"column":3}}},"3":{"name":"(anonymous_7)","decl":{"start":{"line":40,"column":8},"end":{"line":40,"column":29}},"loc":{"start":{"line":45,"column":34},"end":{"line":53,"column":3}}},"4":{"name":"(anonymous_8)","decl":{"start":{"line":56,"column":8},"end":{"line":56,"column":26}},"loc":{"start":{"line":56,"column":74},"end":{"line":59,"column":3}}}},"branchMap":{"0":{"loc":{"start":{"line":43,"column":19},"end":{"line":43,"column":27}},"type":"default-arg","locations":[{"start":{"line":43,"column":26},"end":{"line":43,"column":27}}]},"1":{"loc":{"start":{"line":44,"column":20},"end":{"line":44,"column":30}},"type":"default-arg","locations":[{"start":{"line":44,"column":28},"end":{"line":44,"column":30}}]},"2":{"loc":{"start":{"line":23,"column":17},"end":{"line":23,"column":null}},"type":"cond-expr","locations":[{"start":{"line":23,"column":37},"end":{"line":23,"column":null}},{"start":{"line":23,"column":37},"end":{"line":23,"column":null}}]},"3":{"loc":{"start":{"line":23,"column":17},"end":{"line":23,"column":37}},"type":"binary-expr","locations":[{"start":{"line":23,"column":17},"end":{"line":23,"column":null}},{"start":{"line":23,"column":17},"end":{"line":23,"column":37}}]},"4":{"loc":{"start":{"line":32,"column":17},"end":{"line":32,"column":null}},"type":"cond-expr","locations":[{"start":{"line":32,"column":31},"end":{"line":32,"column":null}},{"start":{"line":32,"column":31},"end":{"line":32,"column":null}}]},"5":{"loc":{"start":{"line":32,"column":17},"end":{"line":32,"column":31}},"type":"binary-expr","locations":[{"start":{"line":32,"column":17},"end":{"line":32,"column":null}},{"start":{"line":32,"column":17},"end":{"line":32,"column":31}}]},"6":{"loc":{"start":{"line":19,"column":44},"end":{"line":19,"column":58}},"type":"cond-expr","locations":[{"start":{"line":19,"column":55},"end":{"line":19,"column":58}},{"start":{"line":19,"column":55},"end":{"line":19,"column":58}}]},"7":{"loc":{"start":{"line":19,"column":44},"end":{"line":19,"column":55}},"type":"binary-expr","locations":[{"start":{"line":19,"column":44},"end":{"line":19,"column":58}},{"start":{"line":19,"column":44},"end":{"line":19,"column":55}}]}},"s":{"0":0,"1":0,"2":0,"3":0,"4":0,"5":0,"6":0,"7":0,"8":0,"9":0,"10":0,"11":0,"12":0,"13":0,"14":0,"15":0,"16":0,"17":0,"18":0,"19":0,"20":0,"21":0},"f":{"0":0,"1":0,"2":0,"3":0,"4":0},"b":{"0":[0],"1":[0],"2":[0,0],"3":[0,0],"4":[0,0],"5":[0,0],"6":[0,0],"7":[0,0]}}
,"C:\\Project\\YouApp\\youapp_backend\\src\\chat\\chat.gateway.ts": {"path":"C:\\Project\\YouApp\\youapp_backend\\src\\chat\\chat.gateway.ts","statementMap":{"0":{"start":{"line":1,"column":0},"end":{"line":1,"column":null}},"1":{"start":{"line":8,"column":0},"end":{"line":8,"column":35}},"2":{"start":{"line":9,"column":0},"end":{"line":9,"column":45}},"3":{"start":{"line":10,"column":0},"end":{"line":10,"column":47}},"4":{"start":{"line":13,"column":7},"end":{"line":26,"column":null}},"5":{"start":{"line":14,"column":22},"end":{"line":14,"column":35}},"6":{"start":{"line":21,"column":4},"end":{"line":21,"column":70}},"7":{"start":{"line":21,"column":29},"end":{"line":21,"column":70}},"8":{"start":{"line":22,"column":20},"end":{"line":22,"column":61}},"9":{"start":{"line":23,"column":4},"end":{"line":23,"column":46}},"10":{"start":{"line":24,"column":4},"end":{"line":24,"column":19}},"11":{"start":{"line":13,"column":13},"end":{"line":13,"column":24}},"12":{"start":{"line":17,"column":8},"end":{"line":25,"column":null}},"13":{"start":{"line":13,"column":13},"end":{"line":26,"column":null}}},"fnMap":{"0":{"name":"(anonymous_4)","decl":{"start":{"line":14,"column":2},"end":{"line":14,"column":22}},"loc":{"start":{"line":14,"column":46},"end":{"line":14,"column":50}}},"1":{"name":"(anonymous_5)","decl":{"start":{"line":17,"column":8},"end":{"line":17,"column":21}},"loc":{"start":{"line":19,"column":41},"end":{"line":25,"column":3}}}},"branchMap":{"0":{"loc":{"start":{"line":21,"column":4},"end":{"line":21,"column":70}},"type":"if","locations":[{"start":{"line":21,"column":4},"end":{"line":21,"column":70}},{"start":{},"end":{}}]},"1":{"loc":{"start":{"line":18,"column":31},"end":{"line":18,"column":null}},"type":"cond-expr","locations":[{"start":{"line":18,"column":37},"end":{"line":18,"column":null}},{"start":{"line":18,"column":37},"end":{"line":18,"column":null}}]},"2":{"loc":{"start":{"line":18,"column":31},"end":{"line":18,"column":37}},"type":"binary-expr","locations":[{"start":{"line":18,"column":31},"end":{"line":18,"column":null}},{"start":{"line":18,"column":31},"end":{"line":18,"column":37}}]},"3":{"loc":{"start":{"line":18,"column":37},"end":{"line":19,"column":null}},"type":"cond-expr","locations":[{"start":{"line":19,"column":41},"end":{"line":19,"column":null}},{"start":{"line":19,"column":41},"end":{"line":19,"column":null}}]},"4":{"loc":{"start":{"line":18,"column":37},"end":{"line":19,"column":41}},"type":"binary-expr","locations":[{"start":{"line":18,"column":37},"end":{"line":19,"column":null}},{"start":{"line":19,"column":31},"end":{"line":19,"column":41}}]},"5":{"loc":{"start":{"line":14,"column":35},"end":{"line":14,"column":49}},"type":"cond-expr","locations":[{"start":{"line":14,"column":46},"end":{"line":14,"column":49}},{"start":{"line":14,"column":46},"end":{"line":14,"column":49}}]},"6":{"loc":{"start":{"line":14,"column":35},"end":{"line":14,"column":46}},"type":"binary-expr","locations":[{"start":{"line":14,"column":35},"end":{"line":14,"column":49}},{"start":{"line":14,"column":35},"end":{"line":14,"column":46}}]}},"s":{"0":0,"1":0,"2":0,"3":0,"4":0,"5":0,"6":0,"7":0,"8":0,"9":0,"10":0,"11":0,"12":0,"13":0},"f":{"0":0,"1":0},"b":{"0":[0,0],"1":[0,0],"2":[0,0],"3":[0,0],"4":[0,0],"5":[0,0],"6":[0,0]}}
,"C:\\Project\\YouApp\\youapp_backend\\src\\chat\\chat.module.ts": {"path":"C:\\Project\\YouApp\\youapp_backend\\src\\chat\\chat.module.ts","statementMap":{"0":{"start":{"line":1,"column":0},"end":{"line":1,"column":40}},"1":{"start":{"line":2,"column":0},"end":{"line":2,"column":45}},"2":{"start":{"line":3,"column":0},"end":{"line":3,"column":45}},"3":{"start":{"line":4,"column":0},"end":{"line":4,"column":50}},"4":{"start":{"line":5,"column":0},"end":{"line":5,"column":67}},"5":{"start":{"line":6,"column":0},"end":{"line":6,"column":80}},"6":{"start":{"line":7,"column":0},"end":{"line":7,"column":58}},"7":{"start":{"line":8,"column":0},"end":{"line":8,"column":49}},"8":{"start":{"line":9,"column":0},"end":{"line":9,"column":78}},"9":{"start":{"line":10,"column":0},"end":{"line":10,"column":76}},"10":{"start":{"line":32,"column":7},"end":{"line":32,"column":null}},"11":{"start":{"line":32,"column":13},"end":{"line":32,"column":23}},"12":{"start":{"line":32,"column":13},"end":{"line":32,"column":null}}},"fnMap":{},"branchMap":{"0":{"loc":{"start":{"line":27,"column":11},"end":{"line":27,"column":62}},"type":"binary-expr","locations":[{"start":{"line":27,"column":11},"end":{"line":27,"column":35}},{"start":{"line":27,"column":39},"end":{"line":27,"column":62}}]}},"s":{"0":0,"1":0,"2":0,"3":0,"4":0,"5":0,"6":0,"7":0,"8":0,"9":0,"10":0,"11":0,"12":0},"f":{},"b":{"0":[0,0]}}
,"C:\\Project\\YouApp\\youapp_backend\\src\\chat\\chat.service.ts": {"path":"C:\\Project\\YouApp\\youapp_backend\\src\\chat\\chat.service.ts","statementMap":{"0":{"start":{"line":1,"column":0},"end":{"line":1,"column":44}},"1":{"start":{"line":2,"column":0},"end":{"line":2,"column":47}},"2":{"start":{"line":3,"column":0},"end":{"line":3,"column":33}},"3":{"start":{"line":4,"column":0},"end":{"line":4,"column":52}},"4":{"start":{"line":5,"column":0},"end":{"line":5,"column":61}},"5":{"start":{"line":7,"column":0},"end":{"line":7,"column":46}},"6":{"start":{"line":11,"column":7},"end":{"line":96,"column":null}},"7":{"start":{"line":13,"column":39},"end":{"line":13,"column":53}},"8":{"start":{"line":14,"column":43},"end":{"line":14,"column":61}},"9":{"start":{"line":15,"column":36},"end":{"line":15,"column":47}},"10":{"start":{"line":19,"column":20},"end":{"line":19,"column":51}},"11":{"start":{"line":20,"column":4},"end":{"line":20,"column":26}},"12":{"start":{"line":24,"column":4},"end":{"line":24,"column":47}},"13":{"start":{"line":28,"column":20},"end":{"line":28,"column":53}},"14":{"start":{"line":29,"column":4},"end":{"line":29,"column":26}},"15":{"start":{"line":33,"column":4},"end":{"line":33,"column":43}},"16":{"start":{"line":41,"column":25},"end":{"line":45,"column":13}},"17":{"start":{"line":47,"column":4},"end":{"line":49,"column":5}},"18":{"start":{"line":48,"column":6},"end":{"line":48,"column":26}},"19":{"start":{"line":52,"column":20},"end":{"line":54,"column":6}},"20":{"start":{"line":55,"column":4},"end":{"line":55,"column":26}},"21":{"start":{"line":59,"column":20},"end":{"line":62,"column":6}},"22":{"start":{"line":63,"column":4},"end":{"line":63,"column":32}},"23":{"start":{"line":71,"column":76},"end":{"line":73,"column":6}},"24":{"start":{"line":75,"column":4},"end":{"line":77,"column":5}},"25":{"start":{"line":76,"column":6},"end":{"line":76,"column":57}},"26":{"start":{"line":79,"column":21},"end":{"line":84,"column":13}},"27":{"start":{"line":86,"column":4},"end":{"line":86,"column":30}},"28":{"start":{"line":90,"column":4},"end":{"line":94,"column":14}},"29":{"start":{"line":11,"column":13},"end":{"line":11,"column":24}},"30":{"start":{"line":11,"column":13},"end":{"line":96,"column":null}}},"fnMap":{"0":{"name":"(anonymous_4)","decl":{"start":{"line":12,"column":2},"end":{"line":12,"column":null}},"loc":{"start":{"line":15,"column":58},"end":{"line":16,"column":6}}},"1":{"name":"(anonymous_5)","decl":{"start":{"line":18,"column":2},"end":{"line":18,"column":7}},"loc":{"start":{"line":18,"column":52},"end":{"line":21,"column":3}}},"2":{"name":"(anonymous_6)","decl":{"start":{"line":23,"column":2},"end":{"line":23,"column":7}},"loc":{"start":{"line":23,"column":27},"end":{"line":25,"column":3}}},"3":{"name":"(anonymous_7)","decl":{"start":{"line":27,"column":2},"end":{"line":27,"column":7}},"loc":{"start":{"line":27,"column":37},"end":{"line":30,"column":3}}},"4":{"name":"(anonymous_8)","decl":{"start":{"line":32,"column":2},"end":{"line":32,"column":7}},"loc":{"start":{"line":32,"column":15},"end":{"line":34,"column":3}}},"5":{"name":"(anonymous_9)","decl":{"start":{"line":36,"column":2},"end":{"line":36,"column":7}},"loc":{"start":{"line":38,"column":23},"end":{"line":56,"column":3}}},"6":{"name":"(anonymous_10)","decl":{"start":{"line":58,"column":2},"end":{"line":58,"column":7}},"loc":{"start":{"line":58,"column":57},"end":{"line":64,"column":3}}},"7":{"name":"(anonymous_11)","decl":{"start":{"line":66,"column":2},"end":{"line":66,"column":7}},"loc":{"start":{"line":69,"column":60},"end":{"line":87,"column":3}}},"8":{"name":"(anonymous_12)","decl":{"start":{"line":89,"column":2},"end":{"line":89,"column":7}},"loc":{"start":{"line":89,"column":41},"end":{"line":95,"column":3}}}},"branchMap":{"0":{"loc":{"start":{"line":47,"column":4},"end":{"line":49,"column":5}},"type":"if","locations":[{"start":{"line":47,"column":4},"end":{"line":49,"column":5}},{"start":{},"end":{}}]},"1":{"loc":{"start":{"line":75,"column":4},"end":{"line":77,"column":5}},"type":"if","locations":[{"start":{"line":75,"column":4},"end":{"line":77,"column":5}},{"start":{},"end":{}}]},"2":{"loc":{"start":{"line":13,"column":53},"end":{"line":13,"column":67}},"type":"cond-expr","locations":[{"start":{"line":13,"column":58},"end":{"line":13,"column":67}},{"start":{"line":13,"column":58},"end":{"line":13,"column":67}}]},"3":{"loc":{"start":{"line":13,"column":53},"end":{"line":13,"column":58}},"type":"binary-expr","locations":[{"start":{"line":13,"column":53},"end":{"line":13,"column":67}},{"start":{"line":13,"column":53},"end":{"line":13,"column":58}}]},"4":{"loc":{"start":{"line":13,"column":58},"end":{"line":14,"column":79}},"type":"cond-expr","locations":[{"start":{"line":14,"column":66},"end":{"line":14,"column":79}},{"start":{"line":14,"column":66},"end":{"line":14,"column":79}}]},"5":{"loc":{"start":{"line":13,"column":58},"end":{"line":14,"column":66}},"type":"binary-expr","locations":[{"start":{"line":13,"column":58},"end":{"line":14,"column":79}},{"start":{"line":14,"column":61},"end":{"line":14,"column":66}}]},"6":{"loc":{"start":{"line":14,"column":66},"end":{"line":15,"column":58}},"type":"cond-expr","locations":[{"start":{"line":15,"column":52},"end":{"line":15,"column":58}},{"start":{"line":15,"column":52},"end":{"line":15,"column":58}}]},"7":{"loc":{"start":{"line":14,"column":66},"end":{"line":15,"column":52}},"type":"binary-expr","locations":[{"start":{"line":14,"column":66},"end":{"line":15,"column":58}},{"start":{"line":15,"column":47},"end":{"line":15,"column":52}}]}},"s":{"0":1,"1":1,"2":1,"3":1,"4":1,"5":1,"6":1,"7":0,"8":0,"9":0,"10":0,"11":0,"12":0,"13":0,"14":0,"15":0,"16":0,"17":0,"18":0,"19":0,"20":0,"21":0,"22":0,"23":0,"24":0,"25":0,"26":0,"27":0,"28":0,"29":1,"30":1},"f":{"0":0,"1":0,"2":0,"3":0,"4":0,"5":0,"6":0,"7":0,"8":0},"b":{"0":[0,0],"1":[0,0],"2":[1,0],"3":[1,1],"4":[1,0],"5":[1,1],"6":[1,0],"7":[1,1]}}
,"C:\\Project\\YouApp\\youapp_backend\\src\\chat\\consumers\\private-message.consumer.ts": {"path":"C:\\Project\\YouApp\\youapp_backend\\src\\chat\\consumers\\private-message.consumer.ts","statementMap":{"0":{"start":{"line":1,"column":0},"end":{"line":1,"column":44}},"1":{"start":{"line":2,"column":0},"end":{"line":2,"column":47}},"2":{"start":{"line":3,"column":0},"end":{"line":3,"column":53}},"3":{"start":{"line":4,"column":0},"end":{"line":4,"column":33}},"4":{"start":{"line":5,"column":0},"end":{"line":5,"column":61}},"5":{"start":{"line":8,"column":7},"end":{"line":31,"column":null}},"6":{"start":{"line":10,"column":39},"end":{"line":10,"column":53}},"7":{"start":{"line":24,"column":4},"end":{"line":29,"column":7}},"8":{"start":{"line":8,"column":13},"end":{"line":8,"column":35}},"9":{"start":{"line":18,"column":8},"end":{"line":30,"column":null}},"10":{"start":{"line":8,"column":13},"end":{"line":31,"column":null}}},"fnMap":{"0":{"name":"(anonymous_4)","decl":{"start":{"line":9,"column":2},"end":{"line":9,"column":null}},"loc":{"start":{"line":10,"column":67},"end":{"line":11,"column":6}}},"1":{"name":"(anonymous_5)","decl":{"start":{"line":18,"column":8},"end":{"line":18,"column":28}},"loc":{"start":{"line":23,"column":3},"end":{"line":30,"column":3}}}},"branchMap":{"0":{"loc":{"start":{"line":28,"column":17},"end":{"line":28,"column":44}},"type":"binary-expr","locations":[{"start":{"line":28,"column":17},"end":{"line":28,"column":30}},{"start":{"line":28,"column":34},"end":{"line":28,"column":44}}]},"1":{"loc":{"start":{"line":10,"column":53},"end":{"line":10,"column":67}},"type":"cond-expr","locations":[{"start":{"line":10,"column":58},"end":{"line":10,"column":67}},{"start":{"line":10,"column":58},"end":{"line":10,"column":67}}]},"2":{"loc":{"start":{"line":10,"column":53},"end":{"line":10,"column":58}},"type":"binary-expr","locations":[{"start":{"line":10,"column":53},"end":{"line":10,"column":67}},{"start":{"line":10,"column":53},"end":{"line":10,"column":58}}]}},"s":{"0":0,"1":0,"2":0,"3":0,"4":0,"5":0,"6":0,"7":0,"8":0,"9":0,"10":0},"f":{"0":0,"1":0},"b":{"0":[0,0],"1":[0,0],"2":[0,0]}}
,"C:\\Project\\YouApp\\youapp_backend\\src\\chat\\dto\\create-private-chat.dto.ts": {"path":"C:\\Project\\YouApp\\youapp_backend\\src\\chat\\dto\\create-private-chat.dto.ts","statementMap":{"0":{"start":{"line":1,"column":0},"end":{"line":1,"column":44}},"1":{"start":{"line":3,"column":0},"end":{"line":3,"column":13}},"2":{"start":{"line":5,"column":2},"end":{"line":5,"column":null}}},"fnMap":{},"branchMap":{},"s":{"0":0,"1":0,"2":0},"f":{},"b":{}}
,"C:\\Project\\YouApp\\youapp_backend\\src\\chat\\dto\\message.dto.ts": {"path":"C:\\Project\\YouApp\\youapp_backend\\src\\chat\\dto\\message.dto.ts","statementMap":{"0":{"start":{"line":1,"column":0},"end":{"line":1,"column":54}},"1":{"start":{"line":3,"column":0},"end":{"line":3,"column":13}},"2":{"start":{"line":6,"column":2},"end":{"line":6,"column":null}},"3":{"start":{"line":9,"column":2},"end":{"line":9,"column":18}}},"fnMap":{},"branchMap":{},"s":{"0":0,"1":0,"2":0,"3":0},"f":{},"b":{}}
,"C:\\Project\\YouApp\\youapp_backend\\src\\chat\\dto\\send-message.dto.ts": {"path":"C:\\Project\\YouApp\\youapp_backend\\src\\chat\\dto\\send-message.dto.ts","statementMap":{"0":{"start":{"line":1,"column":0},"end":{"line":1,"column":54}},"1":{"start":{"line":3,"column":0},"end":{"line":3,"column":13}},"2":{"start":{"line":5,"column":2},"end":{"line":5,"column":null}},"3":{"start":{"line":8,"column":2},"end":{"line":8,"column":null}}},"fnMap":{},"branchMap":{},"s":{"0":0,"1":0,"2":0,"3":0},"f":{},"b":{}}
,"C:\\Project\\YouApp\\youapp_backend\\src\\chat\\entities\\chat-message.schema.ts": {"path":"C:\\Project\\YouApp\\youapp_backend\\src\\chat\\entities\\chat-message.schema.ts","statementMap":{"0":{"start":{"line":1,"column":0},"end":{"line":1,"column":63}},"1":{"start":{"line":2,"column":0},"end":{"line":2,"column":36}},"2":{"start":{"line":5,"column":7},"end":{"line":14,"column":null}},"3":{"start":{"line":5,"column":13},"end":{"line":5,"column":24}},"4":{"start":{"line":7,"column":2},"end":{"line":7,"column":null}},"5":{"start":{"line":10,"column":2},"end":{"line":10,"column":null}},"6":{"start":{"line":13,"column":2},"end":{"line":13,"column":null}},"7":{"start":{"line":5,"column":13},"end":{"line":14,"column":null}},"8":{"start":{"line":16,"column":13},"end":{"line":16,"column":75}}},"fnMap":{},"branchMap":{"0":{"loc":{"start":{"line":10,"column":13},"end":{"line":10,"column":18}},"type":"cond-expr","locations":[{"start":{"line":10,"column":17},"end":{"line":10,"column":18}},{"start":{"line":10,"column":17},"end":{"line":10,"column":18}}]},"1":{"loc":{"start":{"line":10,"column":13},"end":{"line":10,"column":17}},"type":"binary-expr","locations":[{"start":{"line":10,"column":13},"end":{"line":10,"column":18}},{"start":{"line":10,"column":13},"end":{"line":10,"column":17}}]}},"s":{"0":1,"1":1,"2":1,"3":1,"4":1,"5":1,"6":1,"7":1,"8":1},"f":{},"b":{"0":[1,0],"1":[1,1]}}
,"C:\\Project\\YouApp\\youapp_backend\\src\\chat\\entities\\chat.entity.ts": {"path":"C:\\Project\\YouApp\\youapp_backend\\src\\chat\\entities\\chat.entity.ts","statementMap":{"0":{"start":{"line":1,"column":0},"end":{"line":1,"column":63}},"1":{"start":{"line":2,"column":0},"end":{"line":2,"column":43}},"2":{"start":{"line":5,"column":7},"end":{"line":8,"column":null}},"3":{"start":{"line":5,"column":13},"end":{"line":5,"column":17}},"4":{"start":{"line":7,"column":2},"end":{"line":7,"column":null}},"5":{"start":{"line":5,"column":13},"end":{"line":8,"column":null}},"6":{"start":{"line":10,"column":13},"end":{"line":10,"column":61}}},"fnMap":{},"branchMap":{},"s":{"0":1,"1":1,"2":1,"3":1,"4":1,"5":1,"6":1},"f":{},"b":{}}
,"C:\\Project\\YouApp\\youapp_backend\\src\\chat\\entities\\message.entity.ts": {"path":"C:\\Project\\YouApp\\youapp_backend\\src\\chat\\entities\\message.entity.ts","statementMap":{"0":{"start":{"line":1,"column":0},"end":{"line":1,"column":63}},"1":{"start":{"line":2,"column":0},"end":{"line":2,"column":36}},"2":{"start":{"line":5,"column":7},"end":{"line":11,"column":null}},"3":{"start":{"line":5,"column":13},"end":{"line":5,"column":20}},"4":{"start":{"line":7,"column":2},"end":{"line":7,"column":null}},"5":{"start":{"line":10,"column":2},"end":{"line":10,"column":null}},"6":{"start":{"line":5,"column":13},"end":{"line":11,"column":null}},"7":{"start":{"line":13,"column":13},"end":{"line":13,"column":67}}},"fnMap":{},"branchMap":{},"s":{"0":1,"1":1,"2":1,"3":1,"4":1,"5":1,"6":1,"7":1},"f":{},"b":{}}
,"C:\\Project\\YouApp\\youapp_backend\\src\\common\\common.module.ts": {"path":"C:\\Project\\YouApp\\youapp_backend\\src\\common\\common.module.ts","statementMap":{"0":{"start":{"line":1,"column":0},"end":{"line":1,"column":40}},"1":{"start":{"line":4,"column":7},"end":{"line":4,"column":null}},"2":{"start":{"line":4,"column":13},"end":{"line":4,"column":25}},"3":{"start":{"line":4,"column":13},"end":{"line":4,"column":null}}},"fnMap":{},"branchMap":{},"s":{"0":0,"1":0,"2":0,"3":0},"f":{},"b":{}}
,"C:\\Project\\YouApp\\youapp_backend\\src\\common\\decorators\\get-user.decorator.ts": {"path":"C:\\Project\\YouApp\\youapp_backend\\src\\common\\decorators\\get-user.decorator.ts","statementMap":{"0":{"start":{"line":2,"column":0},"end":{"line":2,"column":72}},"1":{"start":{"line":9,"column":13},"end":{"line":14,"column":2}},"2":{"start":{"line":11,"column":20},"end":{"line":11,"column":60}},"3":{"start":{"line":12,"column":4},"end":{"line":12,"column":58}}},"fnMap":{"0":{"name":"(anonymous_0)","decl":{"start":{"line":10,"column":2},"end":{"line":10,"column":3}},"loc":{"start":{"line":10,"column":64},"end":{"line":13,"column":3}}}},"branchMap":{},"s":{"0":0,"1":0,"2":0,"3":0},"f":{"0":0},"b":{}}
,"C:\\Project\\YouApp\\youapp_backend\\src\\common\\filters\\all-exceptions.filter.ts": {"path":"C:\\Project\\YouApp\\youapp_backend\\src\\common\\filters\\all-exceptions.filter.ts","statementMap":{"0":{"start":{"line":1,"column":0},"end":{"line":1,"column":null}},"1":{"start":{"line":11,"column":7},"end":{"line":33,"column":null}},"2":{"start":{"line":13,"column":16},"end":{"line":13,"column":35}},"3":{"start":{"line":14,"column":21},"end":{"line":14,"column":48}},"4":{"start":{"line":15,"column":20},"end":{"line":15,"column":45}},"5":{"start":{"line":18,"column":6},"end":{"line":20,"column":42}},"6":{"start":{"line":22,"column":6},"end":{"line":24,"column":33}},"7":{"start":{"line":26,"column":4},"end":{"line":31,"column":7}},"8":{"start":{"line":11,"column":13},"end":{"line":11,"column":32}},"9":{"start":{"line":11,"column":13},"end":{"line":33,"column":null}}},"fnMap":{"0":{"name":"(anonymous_1)","decl":{"start":{"line":12,"column":2},"end":{"line":12,"column":7}},"loc":{"start":{"line":12,"column":47},"end":{"line":32,"column":3}}}},"branchMap":{"0":{"loc":{"start":{"line":18,"column":6},"end":{"line":20,"column":42}},"type":"cond-expr","locations":[{"start":{"line":19,"column":10},"end":{"line":19,"column":31}},{"start":{"line":20,"column":10},"end":{"line":20,"column":42}}]},"1":{"loc":{"start":{"line":22,"column":6},"end":{"line":24,"column":33}},"type":"cond-expr","locations":[{"start":{"line":23,"column":10},"end":{"line":23,"column":33}},{"start":{"line":24,"column":10},"end":{"line":24,"column":33}}]}},"s":{"0":0,"1":0,"2":0,"3":0,"4":0,"5":0,"6":0,"7":0,"8":0,"9":0},"f":{"0":0},"b":{"0":[0,0],"1":[0,0]}}
,"C:\\Project\\YouApp\\youapp_backend\\src\\common\\guards\\jwt-auth.guard.ts": {"path":"C:\\Project\\YouApp\\youapp_backend\\src\\common\\guards\\jwt-auth.guard.ts","statementMap":{"0":{"start":{"line":1,"column":0},"end":{"line":1,"column":44}},"1":{"start":{"line":2,"column":0},"end":{"line":2,"column":45}},"2":{"start":{"line":5,"column":7},"end":{"line":5,"column":null}},"3":{"start":{"line":5,"column":13},"end":{"line":5,"column":25}},"4":{"start":{"line":5,"column":13},"end":{"line":5,"column":null}}},"fnMap":{},"branchMap":{},"s":{"0":0,"1":0,"2":0,"3":0,"4":0},"f":{},"b":{}}
,"C:\\Project\\YouApp\\youapp_backend\\src\\common\\guards\\ws-jwt.guard.ts": {"path":"C:\\Project\\YouApp\\youapp_backend\\src\\common\\guards\\ws-jwt.guard.ts","statementMap":{"0":{"start":{"line":1,"column":0},"end":{"line":1,"column":75}},"1":{"start":{"line":2,"column":0},"end":{"line":2,"column":41}},"2":{"start":{"line":6,"column":7},"end":{"line":37,"column":null}},"3":{"start":{"line":7,"column":22},"end":{"line":7,"column":34}},"4":{"start":{"line":9,"column":27},"end":{"line":9,"column":59}},"5":{"start":{"line":15,"column":6},"end":{"line":15,"column":76}},"6":{"start":{"line":15,"column":63},"end":{"line":15,"column":76}},"7":{"start":{"line":16,"column":16},"end":{"line":16,"column":52}},"8":{"start":{"line":17,"column":6},"end":{"line":18,"column":21}},"9":{"start":{"line":18,"column":8},"end":{"line":18,"column":21}},"10":{"start":{"line":19,"column":19},"end":{"line":19,"column":52}},"11":{"start":{"line":20,"column":6},"end":{"line":20,"column":63}},"12":{"start":{"line":23,"column":4},"end":{"line":25,"column":5}},"13":{"start":{"line":24,"column":6},"end":{"line":24,"column":19}},"14":{"start":{"line":26,"column":26},"end":{"line":26,"column":53}},"15":{"start":{"line":27,"column":4},"end":{"line":35,"column":5}},"16":{"start":{"line":28,"column":19},"end":{"line":28,"column":55}},"17":{"start":{"line":29,"column":6},"end":{"line":31,"column":7}},"18":{"start":{"line":30,"column":9},"end":{"line":30,"column":54}},"19":{"start":{"line":32,"column":6},"end":{"line":32,"column":18}},"20":{"start":{"line":34,"column":6},"end":{"line":34,"column":19}},"21":{"start":{"line":6,"column":13},"end":{"line":6,"column":23}},"22":{"start":{"line":6,"column":13},"end":{"line":37,"column":null}}},"fnMap":{"0":{"name":"(anonymous_2)","decl":{"start":{"line":7,"column":2},"end":{"line":7,"column":22}},"loc":{"start":{"line":7,"column":44},"end":{"line":7,"column":48}}},"1":{"name":"(anonymous_3)","decl":{"start":{"line":8,"column":2},"end":{"line":8,"column":13}},"loc":{"start":{"line":8,"column":39},"end":{"line":36,"column":3}}},"2":{"name":"hasAuthToken","decl":{"start":{"line":12,"column":13},"end":{"line":12,"column":25}},"loc":{"start":{"line":13,"column":24},"end":{"line":21,"column":5}}}},"branchMap":{"0":{"loc":{"start":{"line":15,"column":6},"end":{"line":15,"column":76}},"type":"if","locations":[{"start":{"line":15,"column":6},"end":{"line":15,"column":76}},{"start":{},"end":{}}]},"1":{"loc":{"start":{"line":15,"column":10},"end":{"line":15,"column":61}},"type":"binary-expr","locations":[{"start":{"line":15,"column":10},"end":{"line":15,"column":39}},{"start":{"line":15,"column":43},"end":{"line":15,"column":61}}]},"2":{"loc":{"start":{"line":17,"column":6},"end":{"line":18,"column":21}},"type":"if","locations":[{"start":{"line":17,"column":6},"end":{"line":18,"column":21}},{"start":{},"end":{}}]},"3":{"loc":{"start":{"line":17,"column":10},"end":{"line":17,"column":73}},"type":"binary-expr","locations":[{"start":{"line":17,"column":10},"end":{"line":17,"column":24}},{"start":{"line":17,"column":28},"end":{"line":17,"column":54}},{"start":{"line":17,"column":58},"end":{"line":17,"column":73}}]},"4":{"loc":{"start":{"line":20,"column":13},"end":{"line":20,"column":62}},"type":"binary-expr","locations":[{"start":{"line":20,"column":13},"end":{"line":20,"column":28}},{"start":{"line":20,"column":32},"end":{"line":20,"column":62}}]},"5":{"loc":{"start":{"line":23,"column":4},"end":{"line":25,"column":5}},"type":"if","locations":[{"start":{"line":23,"column":4},"end":{"line":25,"column":5}},{"start":{},"end":{}}]},"6":{"loc":{"start":{"line":29,"column":6},"end":{"line":31,"column":7}},"type":"if","locations":[{"start":{"line":29,"column":6},"end":{"line":31,"column":7}},{"start":{},"end":{}}]},"7":{"loc":{"start":{"line":29,"column":10},"end":{"line":29,"column":65}},"type":"binary-expr","locations":[{"start":{"line":29,"column":10},"end":{"line":29,"column":41}},{"start":{"line":29,"column":45},"end":{"line":29,"column":65}}]},"8":{"loc":{"start":{"line":7,"column":34},"end":{"line":7,"column":47}},"type":"cond-expr","locations":[{"start":{"line":7,"column":44},"end":{"line":7,"column":47}},{"start":{"line":7,"column":44},"end":{"line":7,"column":47}}]},"9":{"loc":{"start":{"line":7,"column":34},"end":{"line":7,"column":44}},"type":"binary-expr","locations":[{"start":{"line":7,"column":34},"end":{"line":7,"column":47}},{"start":{"line":7,"column":34},"end":{"line":7,"column":44}}]}},"s":{"0":0,"1":0,"2":0,"3":0,"4":0,"5":0,"6":0,"7":0,"8":0,"9":0,"10":0,"11":0,"12":0,"13":0,"14":0,"15":0,"16":0,"17":0,"18":0,"19":0,"20":0,"21":0,"22":0},"f":{"0":0,"1":0,"2":0},"b":{"0":[0,0],"1":[0,0],"2":[0,0],"3":[0,0,0],"4":[0,0],"5":[0,0],"6":[0,0],"7":[0,0],"8":[0,0],"9":[0,0]}}
,"C:\\Project\\YouApp\\youapp_backend\\src\\common\\utils\\hash.util.ts": {"path":"C:\\Project\\YouApp\\youapp_backend\\src\\common\\utils\\hash.util.ts","statementMap":{"0":{"start":{"line":3,"column":0},"end":{"line":3,"column":7}},"1":{"start":{"line":8,"column":0},"end":{"line":8,"column":7}},"2":{"start":{"line":1,"column":0},"end":{"line":1,"column":35}},"3":{"start":{"line":4,"column":15},"end":{"line":4,"column":39}},"4":{"start":{"line":5,"column":2},"end":{"line":5,"column":37}},"5":{"start":{"line":12,"column":2},"end":{"line":12,"column":42}}},"fnMap":{"0":{"name":"hashPassword","decl":{"start":{"line":3,"column":22},"end":{"line":3,"column":34}},"loc":{"start":{"line":3,"column":51},"end":{"line":6,"column":1}}},"1":{"name":"comparePassword","decl":{"start":{"line":8,"column":22},"end":{"line":8,"column":37}},"loc":{"start":{"line":10,"column":16},"end":{"line":13,"column":1}}}},"branchMap":{},"s":{"0":1,"1":1,"2":1,"3":0,"4":0,"5":0},"f":{"0":0,"1":0},"b":{}}
,"C:\\Project\\YouApp\\youapp_backend\\src\\config\\app.config.ts": {"path":"C:\\Project\\YouApp\\youapp_backend\\src\\config\\app.config.ts","statementMap":{"0":{"start":{"line":1,"column":0},"end":{"line":1,"column":44}},"1":{"start":{"line":3,"column":0},"end":{"line":5,"column":4}},"2":{"start":{"line":3,"column":40},"end":{"line":5,"column":2}}},"fnMap":{"0":{"name":"(anonymous_0)","decl":{"start":{"line":3,"column":33},"end":{"line":3,"column":36}},"loc":{"start":{"line":3,"column":40},"end":{"line":5,"column":2}}}},"branchMap":{"0":{"loc":{"start":{"line":4,"column":8},"end":{"line":4,"column":32}},"type":"binary-expr","locations":[{"start":{"line":4,"column":8},"end":{"line":4,"column":24}},{"start":{"line":4,"column":28},"end":{"line":4,"column":32}}]}},"s":{"0":0,"1":0,"2":0},"f":{"0":0},"b":{"0":[0,0]}}
,"C:\\Project\\YouApp\\youapp_backend\\src\\group\\group.controller.ts": {"path":"C:\\Project\\YouApp\\youapp_backend\\src\\group\\group.controller.ts","statementMap":{"0":{"start":{"line":1,"column":0},"end":{"line":1,"column":null}},"1":{"start":{"line":10,"column":0},"end":{"line":10,"column":63}},"2":{"start":{"line":11,"column":0},"end":{"line":11,"column":50}},"3":{"start":{"line":12,"column":0},"end":{"line":12,"column":56}},"4":{"start":{"line":13,"column":0},"end":{"line":13,"column":67}},"5":{"start":{"line":14,"column":0},"end":{"line":14,"column":69}},"6":{"start":{"line":15,"column":0},"end":{"line":15,"column":66}},"7":{"start":{"line":20,"column":7},"end":{"line":69,"column":null}},"8":{"start":{"line":21,"column":31},"end":{"line":21,"column":45}},"9":{"start":{"line":28,"column":22},"end":{"line":28,"column":30}},"10":{"start":{"line":29,"column":4},"end":{"line":29,"column":57}},"11":{"start":{"line":38,"column":21},"end":{"line":38,"column":29}},"12":{"start":{"line":39,"column":4},"end":{"line":39,"column":70}},"13":{"start":{"line":49,"column":4},"end":{"line":53,"column":7}},"14":{"start":{"line":58,"column":19},"end":{"line":58,"column":27}},"15":{"start":{"line":59,"column":4},"end":{"line":59,"column":50}},"16":{"start":{"line":67,"column":4},"end":{"line":67,"column":61}},"17":{"start":{"line":20,"column":13},"end":{"line":20,"column":28}},"18":{"start":{"line":24,"column":2},"end":{"line":30,"column":null}},"19":{"start":{"line":33,"column":8},"end":{"line":40,"column":null}},"20":{"start":{"line":43,"column":8},"end":{"line":54,"column":null}},"21":{"start":{"line":57,"column":8},"end":{"line":60,"column":null}},"22":{"start":{"line":63,"column":8},"end":{"line":68,"column":null}},"23":{"start":{"line":20,"column":13},"end":{"line":69,"column":null}}},"fnMap":{"0":{"name":"(anonymous_4)","decl":{"start":{"line":21,"column":2},"end":{"line":21,"column":31}},"loc":{"start":{"line":21,"column":57},"end":{"line":21,"column":61}}},"1":{"name":"(anonymous_5)","decl":{"start":{"line":24,"column":2},"end":{"line":24,"column":13}},"loc":{"start":{"line":26,"column":51},"end":{"line":30,"column":3}}},"2":{"name":"(anonymous_6)","decl":{"start":{"line":33,"column":8},"end":{"line":33,"column":24}},"loc":{"start":{"line":36,"column":51},"end":{"line":40,"column":3}}},"3":{"name":"(anonymous_7)","decl":{"start":{"line":43,"column":8},"end":{"line":43,"column":27}},"loc":{"start":{"line":47,"column":34},"end":{"line":54,"column":3}}},"4":{"name":"(anonymous_8)","decl":{"start":{"line":57,"column":8},"end":{"line":57,"column":20}},"loc":{"start":{"line":57,"column":68},"end":{"line":60,"column":3}}},"5":{"name":"(anonymous_9)","decl":{"start":{"line":63,"column":8},"end":{"line":63,"column":25}},"loc":{"start":{"line":65,"column":37},"end":{"line":68,"column":3}}}},"branchMap":{"0":{"loc":{"start":{"line":45,"column":19},"end":{"line":45,"column":27}},"type":"default-arg","locations":[{"start":{"line":45,"column":26},"end":{"line":45,"column":27}}]},"1":{"loc":{"start":{"line":46,"column":20},"end":{"line":46,"column":30}},"type":"default-arg","locations":[{"start":{"line":46,"column":28},"end":{"line":46,"column":30}}]},"2":{"loc":{"start":{"line":25,"column":17},"end":{"line":25,"column":null}},"type":"cond-expr","locations":[{"start":{"line":25,"column":31},"end":{"line":25,"column":null}},{"start":{"line":25,"column":31},"end":{"line":25,"column":null}}]},"3":{"loc":{"start":{"line":25,"column":17},"end":{"line":25,"column":31}},"type":"binary-expr","locations":[{"start":{"line":25,"column":17},"end":{"line":25,"column":null}},{"start":{"line":25,"column":17},"end":{"line":25,"column":31}}]},"4":{"loc":{"start":{"line":35,"column":17},"end":{"line":35,"column":null}},"type":"cond-expr","locations":[{"start":{"line":35,"column":36},"end":{"line":35,"column":null}},{"start":{"line":35,"column":36},"end":{"line":35,"column":null}}]},"5":{"loc":{"start":{"line":35,"column":17},"end":{"line":35,"column":36}},"type":"binary-expr","locations":[{"start":{"line":35,"column":17},"end":{"line":35,"column":null}},{"start":{"line":35,"column":17},"end":{"line":35,"column":36}}]},"6":{"loc":{"start":{"line":65,"column":17},"end":{"line":65,"column":null}},"type":"cond-expr","locations":[{"start":{"line":65,"column":37},"end":{"line":65,"column":null}},{"start":{"line":65,"column":37},"end":{"line":65,"column":null}}]},"7":{"loc":{"start":{"line":65,"column":17},"end":{"line":65,"column":37}},"type":"binary-expr","locations":[{"start":{"line":65,"column":17},"end":{"line":65,"column":null}},{"start":{"line":65,"column":17},"end":{"line":65,"column":37}}]},"8":{"loc":{"start":{"line":21,"column":45},"end":{"line":21,"column":60}},"type":"cond-expr","locations":[{"start":{"line":21,"column":57},"end":{"line":21,"column":60}},{"start":{"line":21,"column":57},"end":{"line":21,"column":60}}]},"9":{"loc":{"start":{"line":21,"column":45},"end":{"line":21,"column":57}},"type":"binary-expr","locations":[{"start":{"line":21,"column":45},"end":{"line":21,"column":60}},{"start":{"line":21,"column":45},"end":{"line":21,"column":57}}]}},"s":{"0":0,"1":0,"2":0,"3":0,"4":0,"5":0,"6":0,"7":0,"8":0,"9":0,"10":0,"11":0,"12":0,"13":0,"14":0,"15":0,"16":0,"17":0,"18":0,"19":0,"20":0,"21":0,"22":0,"23":0},"f":{"0":0,"1":0,"2":0,"3":0,"4":0,"5":0},"b":{"0":[0],"1":[0],"2":[0,0],"3":[0,0],"4":[0,0],"5":[0,0],"6":[0,0],"7":[0,0],"8":[0,0],"9":[0,0]}}
,"C:\\Project\\YouApp\\youapp_backend\\src\\group\\group.module.ts": {"path":"C:\\Project\\YouApp\\youapp_backend\\src\\group\\group.module.ts","statementMap":{"0":{"start":{"line":1,"column":0},"end":{"line":1,"column":40}},"1":{"start":{"line":2,"column":0},"end":{"line":2,"column":50}},"2":{"start":{"line":3,"column":0},"end":{"line":3,"column":53}},"3":{"start":{"line":4,"column":0},"end":{"line":4,"column":50}},"4":{"start":{"line":5,"column":0},"end":{"line":5,"column":61}},"5":{"start":{"line":6,"column":0},"end":{"line":6,"column":null}},"6":{"start":{"line":10,"column":0},"end":{"line":10,"column":76}},"7":{"start":{"line":11,"column":0},"end":{"line":11,"column":74}},"8":{"start":{"line":33,"column":7},"end":{"line":33,"column":null}},"9":{"start":{"line":33,"column":13},"end":{"line":33,"column":24}},"10":{"start":{"line":33,"column":13},"end":{"line":33,"column":null}}},"fnMap":{},"branchMap":{"0":{"loc":{"start":{"line":26,"column":11},"end":{"line":26,"column":62}},"type":"binary-expr","locations":[{"start":{"line":26,"column":11},"end":{"line":26,"column":35}},{"start":{"line":26,"column":39},"end":{"line":26,"column":62}}]}},"s":{"0":0,"1":0,"2":0,"3":0,"4":0,"5":0,"6":0,"7":0,"8":0,"9":0,"10":0},"f":{},"b":{"0":[0,0]}}
,"C:\\Project\\YouApp\\youapp_backend\\src\\group\\group.service.ts": {"path":"C:\\Project\\YouApp\\youapp_backend\\src\\group\\group.service.ts","statementMap":{"0":{"start":{"line":1,"column":0},"end":{"line":1,"column":63}},"1":{"start":{"line":2,"column":0},"end":{"line":2,"column":47}},"2":{"start":{"line":3,"column":0},"end":{"line":3,"column":53}},"3":{"start":{"line":4,"column":0},"end":{"line":4,"column":48}},"4":{"start":{"line":5,"column":0},"end":{"line":5,"column":63}},"5":{"start":{"line":9,"column":0},"end":{"line":9,"column":60}},"6":{"start":{"line":19,"column":7},"end":{"line":123,"column":null}},"7":{"start":{"line":21,"column":37},"end":{"line":21,"column":49}},"8":{"start":{"line":23,"column":12},"end":{"line":23,"column":31}},"9":{"start":{"line":24,"column":21},"end":{"line":24,"column":37}},"10":{"start":{"line":28,"column":18},"end":{"line":34,"column":6}},"11":{"start":{"line":32,"column":35},"end":{"line":32,"column":57}},"12":{"start":{"line":35,"column":4},"end":{"line":35,"column":76}},"13":{"start":{"line":43,"column":4},"end":{"line":48,"column":7}},"14":{"start":{"line":49,"column":4},"end":{"line":54,"column":6}},"15":{"start":{"line":61,"column":18},"end":{"line":61,"column":57}},"16":{"start":{"line":62,"column":4},"end":{"line":62,"column":63}},"17":{"start":{"line":62,"column":16},"end":{"line":62,"column":63}},"18":{"start":{"line":63,"column":45},"end":{"line":63,"column":56}},"19":{"start":{"line":64,"column":4},"end":{"line":64,"column":74}},"20":{"start":{"line":64,"column":23},"end":{"line":64,"column":74}},"21":{"start":{"line":65,"column":22},"end":{"line":70,"column":13}},"22":{"start":{"line":71,"column":4},"end":{"line":84,"column":8}},"23":{"start":{"line":71,"column":52},"end":{"line":84,"column":6}},"24":{"start":{"line":88,"column":19},"end":{"line":88,"column":73}},"25":{"start":{"line":89,"column":4},"end":{"line":93,"column":8}},"26":{"start":{"line":89,"column":34},"end":{"line":93,"column":6}},"27":{"start":{"line":96,"column":18},"end":{"line":96,"column":57}},"28":{"start":{"line":97,"column":4},"end":{"line":97,"column":63}},"29":{"start":{"line":97,"column":16},"end":{"line":97,"column":63}},"30":{"start":{"line":98,"column":20},"end":{"line":98,"column":22}},"31":{"start":{"line":99,"column":4},"end":{"line":112,"column":5}},"32":{"start":{"line":100,"column":24},"end":{"line":100,"column":54}},"33":{"start":{"line":101,"column":6},"end":{"line":104,"column":7}},"34":{"start":{"line":101,"column":38},"end":{"line":101,"column":58}},"35":{"start":{"line":102,"column":8},"end":{"line":102,"column":38}},"36":{"start":{"line":103,"column":8},"end":{"line":103,"column":27}},"37":{"start":{"line":105,"column":6},"end":{"line":105,"column":53}},"38":{"start":{"line":106,"column":11},"end":{"line":112,"column":5}},"39":{"start":{"line":107,"column":6},"end":{"line":109,"column":8}},"40":{"start":{"line":108,"column":16},"end":{"line":108,"column":44}},"41":{"start":{"line":110,"column":6},"end":{"line":110,"column":25}},"42":{"start":{"line":111,"column":6},"end":{"line":111,"column":58}},"43":{"start":{"line":113,"column":4},"end":{"line":121,"column":6}},"44":{"start":{"line":19,"column":13},"end":{"line":19,"column":25}},"45":{"start":{"line":19,"column":13},"end":{"line":123,"column":null}}},"fnMap":{"0":{"name":"(anonymous_4)","decl":{"start":{"line":20,"column":2},"end":{"line":20,"column":null}},"loc":{"start":{"line":24,"column":51},"end":{"line":25,"column":6}}},"1":{"name":"(anonymous_5)","decl":{"start":{"line":27,"column":2},"end":{"line":27,"column":7}},"loc":{"start":{"line":27,"column":58},"end":{"line":36,"column":3}}},"2":{"name":"(anonymous_6)","decl":{"start":{"line":32,"column":27},"end":{"line":32,"column":28}},"loc":{"start":{"line":32,"column":35},"end":{"line":32,"column":57}}},"3":{"name":"(anonymous_7)","decl":{"start":{"line":38,"column":2},"end":{"line":38,"column":7}},"loc":{"start":{"line":41,"column":28},"end":{"line":55,"column":3}}},"4":{"name":"(anonymous_8)","decl":{"start":{"line":57,"column":2},"end":{"line":57,"column":7}},"loc":{"start":{"line":59,"column":60},"end":{"line":85,"column":3}}},"5":{"name":"(anonymous_9)","decl":{"start":{"line":71,"column":24},"end":{"line":71,"column":25}},"loc":{"start":{"line":71,"column":52},"end":{"line":84,"column":6}}},"6":{"name":"(anonymous_10)","decl":{"start":{"line":87,"column":2},"end":{"line":87,"column":7}},"loc":{"start":{"line":87,"column":35},"end":{"line":94,"column":3}}},"7":{"name":"(anonymous_11)","decl":{"start":{"line":89,"column":22},"end":{"line":89,"column":23}},"loc":{"start":{"line":89,"column":34},"end":{"line":93,"column":6}}},"8":{"name":"(anonymous_12)","decl":{"start":{"line":95,"column":2},"end":{"line":95,"column":7}},"loc":{"start":{"line":95,"column":68},"end":{"line":122,"column":3}}},"9":{"name":"(anonymous_13)","decl":{"start":{"line":101,"column":30},"end":{"line":101,"column":31}},"loc":{"start":{"line":101,"column":38},"end":{"line":101,"column":58}}},"10":{"name":"(anonymous_14)","decl":{"start":{"line":108,"column":8},"end":{"line":108,"column":9}},"loc":{"start":{"line":108,"column":16},"end":{"line":108,"column":44}}}},"branchMap":{"0":{"loc":{"start":{"line":62,"column":4},"end":{"line":62,"column":63}},"type":"if","locations":[{"start":{"line":62,"column":4},"end":{"line":62,"column":63}},{"start":{},"end":{}}]},"1":{"loc":{"start":{"line":64,"column":4},"end":{"line":64,"column":74}},"type":"if","locations":[{"start":{"line":64,"column":4},"end":{"line":64,"column":74}},{"start":{},"end":{}}]},"2":{"loc":{"start":{"line":73,"column":8},"end":{"line":75,"column":27}},"type":"cond-expr","locations":[{"start":{"line":74,"column":13},"end":{"line":74,"column":62}},{"start":{"line":75,"column":12},"end":{"line":75,"column":27}}]},"3":{"loc":{"start":{"line":73,"column":8},"end":{"line":73,"column":71}},"type":"binary-expr","locations":[{"start":{"line":73,"column":8},"end":{"line":73,"column":35}},{"start":{"line":73,"column":39},"end":{"line":73,"column":46}},{"start":{"line":73,"column":50},"end":{"line":73,"column":71}}]},"4":{"loc":{"start":{"line":77,"column":8},"end":{"line":81,"column":32}},"type":"cond-expr","locations":[{"start":{"line":80,"column":13},"end":{"line":80,"column":67}},{"start":{"line":81,"column":12},"end":{"line":81,"column":32}}]},"5":{"loc":{"start":{"line":77,"column":8},"end":{"line":79,"column":34}},"type":"binary-expr","locations":[{"start":{"line":77,"column":8},"end":{"line":77,"column":40}},{"start":{"line":78,"column":8},"end":{"line":78,"column":20}},{"start":{"line":79,"column":8},"end":{"line":79,"column":34}}]},"6":{"loc":{"start":{"line":97,"column":4},"end":{"line":97,"column":63}},"type":"if","locations":[{"start":{"line":97,"column":4},"end":{"line":97,"column":63}},{"start":{},"end":{}}]},"7":{"loc":{"start":{"line":99,"column":4},"end":{"line":112,"column":5}},"type":"if","locations":[{"start":{"line":99,"column":4},"end":{"line":112,"column":5}},{"start":{"line":106,"column":11},"end":{"line":112,"column":5}}]},"8":{"loc":{"start":{"line":101,"column":6},"end":{"line":104,"column":7}},"type":"if","locations":[{"start":{"line":101,"column":6},"end":{"line":104,"column":7}},{"start":{},"end":{}}]},"9":{"loc":{"start":{"line":106,"column":11},"end":{"line":112,"column":5}},"type":"if","locations":[{"start":{"line":106,"column":11},"end":{"line":112,"column":5}},{"start":{},"end":{}}]},"10":{"loc":{"start":{"line":21,"column":49},"end":{"line":21,"column":61}},"type":"cond-expr","locations":[{"start":{"line":21,"column":54},"end":{"line":21,"column":61}},{"start":{"line":21,"column":54},"end":{"line":21,"column":61}}]},"11":{"loc":{"start":{"line":21,"column":49},"end":{"line":21,"column":54}},"type":"binary-expr","locations":[{"start":{"line":21,"column":49},"end":{"line":21,"column":61}},{"start":{"line":21,"column":49},"end":{"line":21,"column":54}}]},"12":{"loc":{"start":{"line":21,"column":54},"end":{"line":23,"column":50}},"type":"cond-expr","locations":[{"start":{"line":23,"column":36},"end":{"line":23,"column":50}},{"start":{"line":23,"column":36},"end":{"line":23,"column":50}}]},"13":{"loc":{"start":{"line":21,"column":54},"end":{"line":23,"column":36}},"type":"binary-expr","locations":[{"start":{"line":21,"column":54},"end":{"line":23,"column":50}},{"start":{"line":23,"column":31},"end":{"line":23,"column":36}}]},"14":{"loc":{"start":{"line":23,"column":36},"end":{"line":24,"column":null}},"type":"cond-expr","locations":[{"start":{"line":24,"column":51},"end":{"line":24,"column":null}},{"start":{"line":24,"column":51},"end":{"line":24,"column":null}}]},"15":{"loc":{"start":{"line":23,"column":36},"end":{"line":24,"column":51}},"type":"binary-expr","locations":[{"start":{"line":23,"column":36},"end":{"line":24,"column":null}},{"start":{"line":24,"column":37},"end":{"line":24,"column":51}}]}},"s":{"0":0,"1":0,"2":0,"3":0,"4":0,"5":0,"6":0,"7":0,"8":0,"9":0,"10":0,"11":0,"12":0,"13":0,"14":0,"15":0,"16":0,"17":0,"18":0,"19":0,"20":0,"21":0,"22":0,"23":0,"24":0,"25":0,"26":0,"27":0,"28":0,"29":0,"30":0,"31":0,"32":0,"33":0,"34":0,"35":0,"36":0,"37":0,"38":0,"39":0,"40":0,"41":0,"42":0,"43":0,"44":0,"45":0},"f":{"0":0,"1":0,"2":0,"3":0,"4":0,"5":0,"6":0,"7":0,"8":0,"9":0,"10":0},"b":{"0":[0,0],"1":[0,0],"2":[0,0],"3":[0,0,0],"4":[0,0],"5":[0,0,0],"6":[0,0],"7":[0,0],"8":[0,0],"9":[0,0],"10":[0,0],"11":[0,0],"12":[0,0],"13":[0,0],"14":[0,0],"15":[0,0]}}
,"C:\\Project\\YouApp\\youapp_backend\\src\\group\\consumers\\group-message.consumer.ts": {"path":"C:\\Project\\YouApp\\youapp_backend\\src\\group\\consumers\\group-message.consumer.ts","statementMap":{"0":{"start":{"line":1,"column":0},"end":{"line":1,"column":44}},"1":{"start":{"line":2,"column":0},"end":{"line":2,"column":47}},"2":{"start":{"line":3,"column":0},"end":{"line":3,"column":64}},"3":{"start":{"line":4,"column":0},"end":{"line":4,"column":33}},"4":{"start":{"line":5,"column":0},"end":{"line":5,"column":61}},"5":{"start":{"line":8,"column":7},"end":{"line":27,"column":null}},"6":{"start":{"line":11,"column":12},"end":{"line":11,"column":31}},"7":{"start":{"line":20,"column":4},"end":{"line":25,"column":7}},"8":{"start":{"line":8,"column":13},"end":{"line":8,"column":33}},"9":{"start":{"line":19,"column":8},"end":{"line":26,"column":null}},"10":{"start":{"line":8,"column":13},"end":{"line":27,"column":null}}},"fnMap":{"0":{"name":"(anonymous_4)","decl":{"start":{"line":9,"column":2},"end":{"line":9,"column":null}},"loc":{"start":{"line":11,"column":50},"end":{"line":12,"column":6}}},"1":{"name":"(anonymous_5)","decl":{"start":{"line":19,"column":8},"end":{"line":19,"column":26}},"loc":{"start":{"line":19,"column":35},"end":{"line":26,"column":3}}}},"branchMap":{"0":{"loc":{"start":{"line":24,"column":17},"end":{"line":24,"column":44}},"type":"binary-expr","locations":[{"start":{"line":24,"column":17},"end":{"line":24,"column":30}},{"start":{"line":24,"column":34},"end":{"line":24,"column":44}}]},"1":{"loc":{"start":{"line":11,"column":31},"end":{"line":11,"column":50}},"type":"cond-expr","locations":[{"start":{"line":11,"column":36},"end":{"line":11,"column":50}},{"start":{"line":11,"column":36},"end":{"line":11,"column":50}}]},"2":{"loc":{"start":{"line":11,"column":31},"end":{"line":11,"column":36}},"type":"binary-expr","locations":[{"start":{"line":11,"column":31},"end":{"line":11,"column":50}},{"start":{"line":11,"column":31},"end":{"line":11,"column":36}}]}},"s":{"0":0,"1":0,"2":0,"3":0,"4":0,"5":0,"6":0,"7":0,"8":0,"9":0,"10":0},"f":{"0":0,"1":0},"b":{"0":[0,0],"1":[0,0],"2":[0,0]}}
,"C:\\Project\\YouApp\\youapp_backend\\src\\group\\dto\\create-group.dto.ts": {"path":"C:\\Project\\YouApp\\youapp_backend\\src\\group\\dto\\create-group.dto.ts","statementMap":{"0":{"start":{"line":1,"column":0},"end":{"line":1,"column":78}},"1":{"start":{"line":3,"column":0},"end":{"line":3,"column":13}},"2":{"start":{"line":5,"column":2},"end":{"line":5,"column":null}},"3":{"start":{"line":13,"column":2},"end":{"line":13,"column":null}}},"fnMap":{},"branchMap":{},"s":{"0":0,"1":0,"2":0,"3":0},"f":{},"b":{}}
,"C:\\Project\\YouApp\\youapp_backend\\src\\group\\dto\\send-group-message.dto.ts": {"path":"C:\\Project\\YouApp\\youapp_backend\\src\\group\\dto\\send-group-message.dto.ts","statementMap":{"0":{"start":{"line":1,"column":0},"end":{"line":1,"column":43}},"1":{"start":{"line":3,"column":0},"end":{"line":3,"column":13}},"2":{"start":{"line":5,"column":2},"end":{"line":5,"column":null}}},"fnMap":{},"branchMap":{},"s":{"0":0,"1":0,"2":0},"f":{},"b":{}}
,"C:\\Project\\YouApp\\youapp_backend\\src\\group\\dto\\update-group-member.dto.ts": {"path":"C:\\Project\\YouApp\\youapp_backend\\src\\group\\dto\\update-group-member.dto.ts","statementMap":{"0":{"start":{"line":1,"column":0},"end":{"line":1,"column":50}},"1":{"start":{"line":3,"column":0},"end":{"line":3,"column":13}},"2":{"start":{"line":5,"column":2},"end":{"line":5,"column":null}},"3":{"start":{"line":8,"column":2},"end":{"line":8,"column":null}}},"fnMap":{},"branchMap":{},"s":{"0":0,"1":0,"2":0,"3":0},"f":{},"b":{}}
,"C:\\Project\\YouApp\\youapp_backend\\src\\group\\entities\\group-message.entity.ts": {"path":"C:\\Project\\YouApp\\youapp_backend\\src\\group\\entities\\group-message.entity.ts","statementMap":{"0":{"start":{"line":1,"column":0},"end":{"line":1,"column":63}},"1":{"start":{"line":2,"column":0},"end":{"line":2,"column":43}},"2":{"start":{"line":5,"column":7},"end":{"line":17,"column":null}},"3":{"start":{"line":5,"column":13},"end":{"line":5,"column":25}},"4":{"start":{"line":7,"column":2},"end":{"line":7,"column":null}},"5":{"start":{"line":10,"column":2},"end":{"line":10,"column":null}},"6":{"start":{"line":13,"column":2},"end":{"line":13,"column":null}},"7":{"start":{"line":16,"column":2},"end":{"line":16,"column":null}},"8":{"start":{"line":5,"column":13},"end":{"line":17,"column":null}},"9":{"start":{"line":19,"column":13},"end":{"line":19,"column":77}}},"fnMap":{},"branchMap":{"0":{"loc":{"start":{"line":7,"column":11},"end":{"line":7,"column":26}},"type":"cond-expr","locations":[{"start":{"line":7,"column":25},"end":{"line":7,"column":26}},{"start":{"line":7,"column":25},"end":{"line":7,"column":26}}]},"1":{"loc":{"start":{"line":7,"column":11},"end":{"line":7,"column":25}},"type":"binary-expr","locations":[{"start":{"line":7,"column":11},"end":{"line":7,"column":17}},{"start":{"line":7,"column":11},"end":{"line":7,"column":25}}]},"2":{"loc":{"start":{"line":10,"column":12},"end":{"line":10,"column":27}},"type":"cond-expr","locations":[{"start":{"line":10,"column":26},"end":{"line":10,"column":27}},{"start":{"line":10,"column":26},"end":{"line":10,"column":27}}]},"3":{"loc":{"start":{"line":10,"column":12},"end":{"line":10,"column":26}},"type":"binary-expr","locations":[{"start":{"line":10,"column":12},"end":{"line":10,"column":18}},{"start":{"line":10,"column":12},"end":{"line":10,"column":26}}]},"4":{"loc":{"start":{"line":16,"column":13},"end":{"line":16,"column":18}},"type":"cond-expr","locations":[{"start":{"line":16,"column":17},"end":{"line":16,"column":18}},{"start":{"line":16,"column":17},"end":{"line":16,"column":18}}]},"5":{"loc":{"start":{"line":16,"column":13},"end":{"line":16,"column":17}},"type":"binary-expr","locations":[{"start":{"line":16,"column":13},"end":{"line":16,"column":18}},{"start":{"line":16,"column":13},"end":{"line":16,"column":17}}]}},"s":{"0":0,"1":0,"2":0,"3":0,"4":0,"5":0,"6":0,"7":0,"8":0,"9":0},"f":{},"b":{"0":[0,0],"1":[0,0],"2":[0,0],"3":[0,0],"4":[0,0],"5":[0,0]}}
,"C:\\Project\\YouApp\\youapp_backend\\src\\group\\entities\\group.entity.ts": {"path":"C:\\Project\\YouApp\\youapp_backend\\src\\group\\entities\\group.entity.ts","statementMap":{"0":{"start":{"line":1,"column":0},"end":{"line":1,"column":63}},"1":{"start":{"line":2,"column":0},"end":{"line":2,"column":43}},"2":{"start":{"line":5,"column":7},"end":{"line":11,"column":null}},"3":{"start":{"line":5,"column":13},"end":{"line":5,"column":18}},"4":{"start":{"line":7,"column":2},"end":{"line":7,"column":null}},"5":{"start":{"line":10,"column":2},"end":{"line":10,"column":null}},"6":{"start":{"line":5,"column":13},"end":{"line":11,"column":null}},"7":{"start":{"line":13,"column":13},"end":{"line":13,"column":63}}},"fnMap":{},"branchMap":{},"s":{"0":0,"1":0,"2":0,"3":0,"4":0,"5":0,"6":0,"7":0},"f":{},"b":{}}
,"C:\\Project\\YouApp\\youapp_backend\\src\\user\\user.controller.ts": {"path":"C:\\Project\\YouApp\\youapp_backend\\src\\user\\user.controller.ts","statementMap":{"0":{"start":{"line":1,"column":0},"end":{"line":1,"column":null}},"1":{"start":{"line":9,"column":0},"end":{"line":9,"column":45}},"2":{"start":{"line":10,"column":0},"end":{"line":10,"column":54}},"3":{"start":{"line":11,"column":0},"end":{"line":11,"column":63}},"4":{"start":{"line":12,"column":0},"end":{"line":12,"column":66}},"5":{"start":{"line":17,"column":7},"end":{"line":38,"column":null}},"6":{"start":{"line":18,"column":31},"end":{"line":18,"column":44}},"7":{"start":{"line":22,"column":4},"end":{"line":24,"column":5}},"8":{"start":{"line":23,"column":6},"end":{"line":23,"column":60}},"9":{"start":{"line":25,"column":4},"end":{"line":25,"column":47}},"10":{"start":{"line":33,"column":4},"end":{"line":35,"column":5}},"11":{"start":{"line":34,"column":6},"end":{"line":34,"column":59}},"12":{"start":{"line":36,"column":4},"end":{"line":36,"column":60}},"13":{"start":{"line":17,"column":13},"end":{"line":17,"column":27}},"14":{"start":{"line":21,"column":8},"end":{"line":26,"column":null}},"15":{"start":{"line":29,"column":8},"end":{"line":37,"column":null}},"16":{"start":{"line":17,"column":13},"end":{"line":38,"column":null}}},"fnMap":{"0":{"name":"(anonymous_4)","decl":{"start":{"line":18,"column":2},"end":{"line":18,"column":31}},"loc":{"start":{"line":18,"column":55},"end":{"line":18,"column":59}}},"1":{"name":"(anonymous_5)","decl":{"start":{"line":21,"column":8},"end":{"line":21,"column":18}},"loc":{"start":{"line":21,"column":41},"end":{"line":26,"column":3}}},"2":{"name":"(anonymous_6)","decl":{"start":{"line":29,"column":8},"end":{"line":29,"column":21}},"loc":{"start":{"line":31,"column":40},"end":{"line":37,"column":3}}}},"branchMap":{"0":{"loc":{"start":{"line":22,"column":4},"end":{"line":24,"column":5}},"type":"if","locations":[{"start":{"line":22,"column":4},"end":{"line":24,"column":5}},{"start":{},"end":{}}]},"1":{"loc":{"start":{"line":22,"column":8},"end":{"line":22,"column":61}},"type":"binary-expr","locations":[{"start":{"line":22,"column":8},"end":{"line":22,"column":13}},{"start":{"line":22,"column":17},"end":{"line":22,"column":41}},{"start":{"line":22,"column":45},"end":{"line":22,"column":61}}]},"2":{"loc":{"start":{"line":33,"column":4},"end":{"line":35,"column":5}},"type":"if","locations":[{"start":{"line":33,"column":4},"end":{"line":35,"column":5}},{"start":{},"end":{}}]},"3":{"loc":{"start":{"line":33,"column":8},"end":{"line":33,"column":61}},"type":"binary-expr","locations":[{"start":{"line":33,"column":8},"end":{"line":33,"column":13}},{"start":{"line":33,"column":17},"end":{"line":33,"column":41}},{"start":{"line":33,"column":45},"end":{"line":33,"column":61}}]},"4":{"loc":{"start":{"line":31,"column":27},"end":{"line":31,"column":null}},"type":"cond-expr","locations":[{"start":{"line":31,"column":40},"end":{"line":31,"column":null}},{"start":{"line":31,"column":40},"end":{"line":31,"column":null}}]},"5":{"loc":{"start":{"line":31,"column":27},"end":{"line":31,"column":40}},"type":"binary-expr","locations":[{"start":{"line":31,"column":27},"end":{"line":31,"column":null}},{"start":{"line":31,"column":27},"end":{"line":31,"column":40}}]},"6":{"loc":{"start":{"line":18,"column":44},"end":{"line":18,"column":58}},"type":"cond-expr","locations":[{"start":{"line":18,"column":55},"end":{"line":18,"column":58}},{"start":{"line":18,"column":55},"end":{"line":18,"column":58}}]},"7":{"loc":{"start":{"line":18,"column":44},"end":{"line":18,"column":55}},"type":"binary-expr","locations":[{"start":{"line":18,"column":44},"end":{"line":18,"column":58}},{"start":{"line":18,"column":44},"end":{"line":18,"column":55}}]}},"s":{"0":0,"1":0,"2":0,"3":0,"4":0,"5":0,"6":0,"7":0,"8":0,"9":0,"10":0,"11":0,"12":0,"13":0,"14":0,"15":0,"16":0},"f":{"0":0,"1":0,"2":0},"b":{"0":[0,0],"1":[0,0,0],"2":[0,0],"3":[0,0,0],"4":[0,0],"5":[0,0],"6":[0,0],"7":[0,0]}}
,"C:\\Project\\YouApp\\youapp_backend\\src\\user\\user.module.ts": {"path":"C:\\Project\\YouApp\\youapp_backend\\src\\user\\user.module.ts","statementMap":{"0":{"start":{"line":1,"column":0},"end":{"line":1,"column":40}},"1":{"start":{"line":2,"column":0},"end":{"line":2,"column":45}},"2":{"start":{"line":3,"column":0},"end":{"line":3,"column":51}},"3":{"start":{"line":4,"column":0},"end":{"line":4,"column":54}},"4":{"start":{"line":5,"column":0},"end":{"line":5,"column":50}},"5":{"start":{"line":6,"column":0},"end":{"line":6,"column":null}},"6":{"start":{"line":10,"column":0},"end":{"line":10,"column":null}},"7":{"start":{"line":15,"column":0},"end":{"line":15,"column":44}},"8":{"start":{"line":16,"column":0},"end":{"line":16,"column":49}},"9":{"start":{"line":30,"column":7},"end":{"line":30,"column":null}},"10":{"start":{"line":30,"column":13},"end":{"line":30,"column":23}},"11":{"start":{"line":30,"column":13},"end":{"line":30,"column":null}},"12":{"start":{"line":24,"column":21},"end":{"line":24,"column":31}}},"fnMap":{"0":{"name":"(anonymous_1)","decl":{"start":{"line":24,"column":15},"end":{"line":24,"column":18}},"loc":{"start":{"line":24,"column":21},"end":{"line":24,"column":31}}}},"branchMap":{},"s":{"0":0,"1":0,"2":0,"3":0,"4":0,"5":0,"6":0,"7":0,"8":0,"9":0,"10":0,"11":0,"12":0},"f":{"0":0},"b":{}}
,"C:\\Project\\YouApp\\youapp_backend\\src\\user\\user.service.ts": {"path":"C:\\Project\\YouApp\\youapp_backend\\src\\user\\user.service.ts","statementMap":{"0":{"start":{"line":1,"column":0},"end":{"line":1,"column":63}},"1":{"start":{"line":2,"column":0},"end":{"line":2,"column":47}},"2":{"start":{"line":3,"column":0},"end":{"line":3,"column":33}},"3":{"start":{"line":4,"column":0},"end":{"line":4,"column":46}},"4":{"start":{"line":5,"column":0},"end":{"line":5,"column":65}},"5":{"start":{"line":9,"column":7},"end":{"line":52,"column":null}},"6":{"start":{"line":11,"column":36},"end":{"line":11,"column":47}},"7":{"start":{"line":13,"column":12},"end":{"line":13,"column":29}},"8":{"start":{"line":19,"column":17},"end":{"line":19,"column":47}},"9":{"start":{"line":20,"column":4},"end":{"line":20,"column":23}},"10":{"start":{"line":24,"column":4},"end":{"line":24,"column":46}},"11":{"start":{"line":28,"column":17},"end":{"line":28,"column":70}},"12":{"start":{"line":29,"column":4},"end":{"line":31,"column":5}},"13":{"start":{"line":30,"column":6},"end":{"line":30,"column":52}},"14":{"start":{"line":32,"column":4},"end":{"line":32,"column":16}},"15":{"start":{"line":36,"column":4},"end":{"line":36,"column":52}},"16":{"start":{"line":40,"column":4},"end":{"line":40,"column":55}},"17":{"start":{"line":44,"column":17},"end":{"line":46,"column":26}},"18":{"start":{"line":47,"column":4},"end":{"line":49,"column":5}},"19":{"start":{"line":48,"column":6},"end":{"line":48,"column":52}},"20":{"start":{"line":50,"column":4},"end":{"line":50,"column":16}},"21":{"start":{"line":9,"column":13},"end":{"line":9,"column":24}},"22":{"start":{"line":9,"column":13},"end":{"line":52,"column":null}}},"fnMap":{"0":{"name":"(anonymous_4)","decl":{"start":{"line":10,"column":2},"end":{"line":10,"column":null}},"loc":{"start":{"line":13,"column":51},"end":{"line":14,"column":6}}},"1":{"name":"(anonymous_5)","decl":{"start":{"line":16,"column":2},"end":{"line":16,"column":7}},"loc":{"start":{"line":17,"column":34},"end":{"line":21,"column":3}}},"2":{"name":"(anonymous_6)","decl":{"start":{"line":23,"column":2},"end":{"line":23,"column":7}},"loc":{"start":{"line":23,"column":24},"end":{"line":25,"column":3}}},"3":{"name":"(anonymous_7)","decl":{"start":{"line":27,"column":2},"end":{"line":27,"column":7}},"loc":{"start":{"line":27,"column":27},"end":{"line":33,"column":3}}},"4":{"name":"(anonymous_8)","decl":{"start":{"line":35,"column":2},"end":{"line":35,"column":7}},"loc":{"start":{"line":35,"column":33},"end":{"line":37,"column":3}}},"5":{"name":"(anonymous_9)","decl":{"start":{"line":39,"column":2},"end":{"line":39,"column":7}},"loc":{"start":{"line":39,"column":39},"end":{"line":41,"column":3}}},"6":{"name":"(anonymous_10)","decl":{"start":{"line":43,"column":2},"end":{"line":43,"column":7}},"loc":{"start":{"line":43,"column":55},"end":{"line":51,"column":3}}}},"branchMap":{"0":{"loc":{"start":{"line":29,"column":4},"end":{"line":31,"column":5}},"type":"if","locations":[{"start":{"line":29,"column":4},"end":{"line":31,"column":5}},{"start":{},"end":{}}]},"1":{"loc":{"start":{"line":47,"column":4},"end":{"line":49,"column":5}},"type":"if","locations":[{"start":{"line":47,"column":4},"end":{"line":49,"column":5}},{"start":{},"end":{}}]},"2":{"loc":{"start":{"line":11,"column":47},"end":{"line":11,"column":58}},"type":"cond-expr","locations":[{"start":{"line":11,"column":52},"end":{"line":11,"column":58}},{"start":{"line":11,"column":52},"end":{"line":11,"column":58}}]},"3":{"loc":{"start":{"line":11,"column":47},"end":{"line":11,"column":52}},"type":"binary-expr","locations":[{"start":{"line":11,"column":47},"end":{"line":11,"column":58}},{"start":{"line":11,"column":47},"end":{"line":11,"column":52}}]},"4":{"loc":{"start":{"line":11,"column":52},"end":{"line":13,"column":51}},"type":"cond-expr","locations":[{"start":{"line":13,"column":34},"end":{"line":13,"column":51}},{"start":{"line":13,"column":34},"end":{"line":13,"column":51}}]},"5":{"loc":{"start":{"line":11,"column":52},"end":{"line":13,"column":34}},"type":"binary-expr","locations":[{"start":{"line":11,"column":52},"end":{"line":13,"column":51}},{"start":{"line":13,"column":29},"end":{"line":13,"column":34}}]}},"s":{"0":1,"1":1,"2":1,"3":1,"4":1,"5":1,"6":2,"7":2,"8":0,"9":0,"10":0,"11":1,"12":0,"13":0,"14":0,"15":0,"16":0,"17":0,"18":0,"19":0,"20":0,"21":1,"22":1},"f":{"0":2,"1":0,"2":0,"3":1,"4":0,"5":0,"6":0},"b":{"0":[0,0],"1":[0,0],"2":[1,0],"3":[1,1],"4":[1,0],"5":[1,1]}}
,"C:\\Project\\YouApp\\youapp_backend\\src\\user\\dto\\create-user.dto.ts": {"path":"C:\\Project\\YouApp\\youapp_backend\\src\\user\\dto\\create-user.dto.ts","statementMap":{"0":{"start":{"line":1,"column":0},"end":{"line":1,"column":63}},"1":{"start":{"line":3,"column":0},"end":{"line":3,"column":13}},"2":{"start":{"line":5,"column":2},"end":{"line":5,"column":null}},"3":{"start":{"line":9,"column":2},"end":{"line":9,"column":null}},"4":{"start":{"line":12,"column":2},"end":{"line":12,"column":null}}},"fnMap":{},"branchMap":{},"s":{"0":0,"1":0,"2":0,"3":0,"4":0},"f":{},"b":{}}
,"C:\\Project\\YouApp\\youapp_backend\\src\\user\\dto\\update-user.dto.ts": {"path":"C:\\Project\\YouApp\\youapp_backend\\src\\user\\dto\\update-user.dto.ts","statementMap":{"0":{"start":{"line":1,"column":0},"end":{"line":1,"column":74}},"1":{"start":{"line":3,"column":0},"end":{"line":3,"column":13}},"2":{"start":{"line":6,"column":2},"end":{"line":6,"column":null}},"3":{"start":{"line":10,"column":2},"end":{"line":10,"column":null}},"4":{"start":{"line":14,"column":2},"end":{"line":14,"column":null}},"5":{"start":{"line":18,"column":2},"end":{"line":18,"column":null}},"6":{"start":{"line":22,"column":2},"end":{"line":22,"column":null}},"7":{"start":{"line":26,"column":2},"end":{"line":26,"column":null}},"8":{"start":{"line":31,"column":2},"end":{"line":31,"column":null}}},"fnMap":{},"branchMap":{},"s":{"0":0,"1":0,"2":0,"3":0,"4":0,"5":0,"6":0,"7":0,"8":0},"f":{},"b":{}}
,"C:\\Project\\YouApp\\youapp_backend\\src\\user\\entities\\user.entity.ts": {"path":"C:\\Project\\YouApp\\youapp_backend\\src\\user\\entities\\user.entity.ts","statementMap":{"0":{"start":{"line":1,"column":0},"end":{"line":1,"column":63}},"1":{"start":{"line":2,"column":0},"end":{"line":2,"column":36}},"2":{"start":{"line":5,"column":7},"end":{"line":35,"column":null}},"3":{"start":{"line":5,"column":13},"end":{"line":5,"column":17}},"4":{"start":{"line":7,"column":2},"end":{"line":7,"column":null}},"5":{"start":{"line":10,"column":2},"end":{"line":10,"column":null}},"6":{"start":{"line":13,"column":2},"end":{"line":13,"column":null}},"7":{"start":{"line":16,"column":2},"end":{"line":16,"column":null}},"8":{"start":{"line":19,"column":2},"end":{"line":19,"column":null}},"9":{"start":{"line":22,"column":2},"end":{"line":22,"column":null}},"10":{"start":{"line":25,"column":2},"end":{"line":25,"column":null}},"11":{"start":{"line":28,"column":2},"end":{"line":28,"column":null}},"12":{"start":{"line":31,"column":2},"end":{"line":31,"column":null}},"13":{"start":{"line":34,"column":2},"end":{"line":34,"column":null}},"14":{"start":{"line":5,"column":13},"end":{"line":35,"column":null}},"15":{"start":{"line":37,"column":13},"end":{"line":37,"column":61}}},"fnMap":{},"branchMap":{},"s":{"0":2,"1":2,"2":2,"3":2,"4":2,"5":2,"6":2,"7":2,"8":2,"9":2,"10":2,"11":2,"12":2,"13":2,"14":2,"15":2},"f":{},"b":{}}
,"C:\\Project\\YouApp\\youapp_backend\\src\\user\\entities\\user.schema.ts": {"path":"C:\\Project\\YouApp\\youapp_backend\\src\\user\\entities\\user.schema.ts","statementMap":{"0":{"start":{"line":1,"column":0},"end":{"line":1,"column":63}},"1":{"start":{"line":2,"column":0},"end":{"line":2,"column":36}},"2":{"start":{"line":5,"column":7},"end":{"line":35,"column":null}},"3":{"start":{"line":5,"column":13},"end":{"line":5,"column":17}},"4":{"start":{"line":7,"column":2},"end":{"line":7,"column":null}},"5":{"start":{"line":10,"column":2},"end":{"line":10,"column":null}},"6":{"start":{"line":13,"column":2},"end":{"line":13,"column":null}},"7":{"start":{"line":16,"column":2},"end":{"line":16,"column":null}},"8":{"start":{"line":19,"column":2},"end":{"line":19,"column":null}},"9":{"start":{"line":22,"column":2},"end":{"line":22,"column":null}},"10":{"start":{"line":25,"column":2},"end":{"line":25,"column":null}},"11":{"start":{"line":28,"column":2},"end":{"line":28,"column":null}},"12":{"start":{"line":31,"column":2},"end":{"line":31,"column":null}},"13":{"start":{"line":34,"column":2},"end":{"line":34,"column":null}},"14":{"start":{"line":5,"column":13},"end":{"line":35,"column":null}},"15":{"start":{"line":37,"column":13},"end":{"line":37,"column":61}}},"fnMap":{},"branchMap":{},"s":{"0":1,"1":1,"2":1,"3":1,"4":1,"5":1,"6":1,"7":1,"8":1,"9":1,"10":1,"11":1,"12":1,"13":1,"14":1,"15":1},"f":{},"b":{}}
}
